Using pre-set license
Built from '2020.3/staging' branch; Version is '2020.3.39f1 (fd6670bb8be9) revision 16606832'; Using compiler version '192528614'; Build Type 'Release'
OS: 'Windows 10  (10.0.19045) 64bit Professional' Language: 'es' Physical Memory: 16306 MB
BatchMode: 1, IsHumanControllingUs: 0, StartBugReporterOnCrash: 0, Is64bit: 1, IsPro: 0

COMMAND LINE ARGUMENTS:
C:\Program Files\Unity 2020.3.39f1\Editor\Unity.exe
-adb2
-batchMode
-noUpm
-name
AssetImportWorker0
-projectPath
C:/Users/caspi/CampusUni/My project 1
-logFile
Logs/AssetImportWorker0.log
-srvPort
53407
Successfully changed project path to: C:/Users/caspi/CampusUni/My project 1
C:/Users/caspi/CampusUni/My project 1
Using Asset Import Pipeline V2.
Refreshing native plugins compatible for Editor in 31.65 ms, found 2 plugins.
Preloading 0 native plugins for Editor in 0.00 ms.
Initialize engine version: 2020.3.39f1 (fd6670bb8be9)
[Subsystems] Discovering subsystems at path C:/Program Files/Unity 2020.3.39f1/Editor/Data/Resources/UnitySubsystems
[Subsystems] Discovering subsystems at path C:/Users/caspi/CampusUni/My project 1/Assets
GfxDevice: creating device client; threaded=0
Direct3D:
    Version:  Direct3D 11.0 [level 11.1]
    Renderer: AMD Radeon RX 6700 XT (ID=0x73df)
    Vendor:   
    VRAM:     12243 MB
    Driver:   31.0.24027.1012
Initialize mono
Mono path[0] = 'C:/Program Files/Unity 2020.3.39f1/Editor/Data/Managed'
Mono path[1] = 'C:/Program Files/Unity 2020.3.39f1/Editor/Data/MonoBleedingEdge/lib/mono/unityjit'
Mono config path = 'C:/Program Files/Unity 2020.3.39f1/Editor/Data/MonoBleedingEdge/etc'
Using monoOptions --debugger-agent=transport=dt_socket,embedding=1,server=y,suspend=n,address=127.0.0.1:56752
Begin MonoManager ReloadAssembly
Registering precompiled unity dll's ...
Register platform support module: C:/Program Files/Unity 2020.3.39f1/Editor/Data/PlaybackEngines/WindowsStandaloneSupport/UnityEditor.WindowsStandalone.Extensions.dll
Registered in 0.001936 seconds.
Native extension for WindowsStandalone target not found
Refreshing native plugins compatible for Editor in 31.52 ms, found 2 plugins.
Preloading 0 native plugins for Editor in 0.00 ms.
Mono: successfully reloaded assembly
- Completed reload, in  0.494 seconds
Domain Reload Profiling:
	ReloadAssembly (494ms)
		BeginReloadAssembly (60ms)
			ExecutionOrderSort (0ms)
			DisableScriptedObjects (0ms)
			BackupInstance (0ms)
			ReleaseScriptingObjects (0ms)
			CreateAndSetChildDomain (1ms)
		EndReloadAssembly (370ms)
			LoadAssemblies (58ms)
			RebuildTransferFunctionScriptingTraits (0ms)
			SetupTypeCache (124ms)
			ReleaseScriptCaches (0ms)
			RebuildScriptCaches (34ms)
			SetupLoadedEditorAssemblies (134ms)
				LogAssemblyErrors (0ms)
				InitializePlatformSupportModulesInManaged (4ms)
				SetLoadedEditorAssemblies (0ms)
				RefreshPlugins (32ms)
				BeforeProcessingInitializeOnLoad (7ms)
				ProcessInitializeOnLoadAttributes (68ms)
				ProcessInitializeOnLoadMethodAttributes (23ms)
				AfterProcessingInitializeOnLoad (0ms)
				EditorAssembliesLoaded (0ms)
			ExecutionOrderSort2 (0ms)
			AwakeInstancesAfterBackupRestoration (0ms)
Platform modules already initialized, skipping
Registering precompiled user dll's ...
Registered in 0.002965 seconds.
Begin MonoManager ReloadAssembly
Native extension for WindowsStandalone target not found
Refreshing native plugins compatible for Editor in 0.41 ms, found 2 plugins.
Preloading 0 native plugins for Editor in 0.00 ms.
Mono: successfully reloaded assembly
- Completed reload, in  0.855 seconds
Domain Reload Profiling:
	ReloadAssembly (855ms)
		BeginReloadAssembly (137ms)
			ExecutionOrderSort (0ms)
			DisableScriptedObjects (4ms)
			BackupInstance (0ms)
			ReleaseScriptingObjects (0ms)
			CreateAndSetChildDomain (17ms)
		EndReloadAssembly (664ms)
			LoadAssemblies (85ms)
			RebuildTransferFunctionScriptingTraits (0ms)
			SetupTypeCache (228ms)
			ReleaseScriptCaches (0ms)
			RebuildScriptCaches (39ms)
			SetupLoadedEditorAssemblies (249ms)
				LogAssemblyErrors (0ms)
				InitializePlatformSupportModulesInManaged (4ms)
				SetLoadedEditorAssemblies (0ms)
				RefreshPlugins (0ms)
				BeforeProcessingInitializeOnLoad (50ms)
				ProcessInitializeOnLoadAttributes (176ms)
				ProcessInitializeOnLoadMethodAttributes (11ms)
				AfterProcessingInitializeOnLoad (6ms)
				EditorAssembliesLoaded (0ms)
			ExecutionOrderSort2 (0ms)
			AwakeInstancesAfterBackupRestoration (2ms)
Platform modules already initialized, skipping
========================================================================
Worker process is ready to serve import requests
Launched and connected shader compiler UnityShaderCompiler.exe after 0.04 seconds
Refreshing native plugins compatible for Editor in 0.35 ms, found 2 plugins.
Preloading 0 native plugins for Editor in 0.00 ms.
Unloading 1679 Unused Serialized files (Serialized files now loaded: 0)
System memory in use before: 75.6 MB.
System memory in use after: 75.7 MB.

Unloading 17 unused Assets to reduce memory usage. Loaded Objects now: 2117.
Total: 2.477700 ms (FindLiveObjects: 0.124600 ms CreateObjectMapping: 0.037200 ms MarkObjects: 2.261500 ms  DeleteObjects: 0.053400 ms)

AssetImportParameters requested are different than current active one (requested -> active):
  custom:framework-win-MediaFoundation: 216162199b28c13a410421893ffa2e32 -> 
  custom:video-decoder-ogg-theora: a1e56fd34408186e4bbccfd4996cb3dc -> 
  custom:container-muxer-webm: aa71ff27fc2769a1b78a27578f13a17b -> 
  custom:container-demuxer-webm: 4f35f7cbe854078d1ac9338744f61a02 -> 
  custom:container-demuxer-ogg: 62fdf1f143b41e24485cea50d1cbac27 -> 
  custom:video-encoder-webm-vp8: eb34c28f22e8b96e1ab97ce403110664 -> 
  custom:video-decoder-webm-vp8: 9c59270c3fd7afecdb556c50c9e8de78 -> 
  custom:audio-decoder-ogg-vorbis: bf7c407c2cedff20999df2af8eb42d56 -> 
  custom:audio-encoder-webm-vorbis: bf7c407c2cedff20999df2af8eb42d56 -> 
========================================================================
Received Import Request.
  path: Assets/Scenes/AulasComunes1.fbx
  artifactKey: Guid(f5bb2c521c109ca4ba9517b91c47a1a0) Importer(815301076,1909f56bfc062723c751e8b465ee728b)
Start importing Assets/Scenes/AulasComunes1.fbx using Guid(f5bb2c521c109ca4ba9517b91c47a1a0) Importer(815301076,1909f56bfc062723c751e8b465ee728b)  -> (artifact id: 'deb534b10c21979af7c7ae7d4c5a65d1') in 0.434804 seconds 
========================================================================
Received Import Request.
  Time since last request: 0.000352 seconds.
  path: Assets/Scenes/Campus_Virtual-Exactas.fbx
  artifactKey: Guid(04a65abd8149a8a48bd7fe6b8d4d2bdd) Importer(815301076,1909f56bfc062723c751e8b465ee728b)
Start importing Assets/Scenes/Campus_Virtual-Exactas.fbx using Guid(04a65abd8149a8a48bd7fe6b8d4d2bdd) Importer(815301076,1909f56bfc062723c751e8b465ee728b)  -> (artifact id: '19cc83696fe6c0707fcbe6127746ab20') in 2.986443 seconds 
========================================================================
Received Import Request.
  Time since last request: 0.000375 seconds.
  path: Assets/Scenes/Solo_Biblioteca_Reformed (1).fbx
  artifactKey: Guid(2faed7de534d0a843963b13d6a2e5f47) Importer(815301076,1909f56bfc062723c751e8b465ee728b)
Start importing Assets/Scenes/Solo_Biblioteca_Reformed (1).fbx using Guid(2faed7de534d0a843963b13d6a2e5f47) Importer(815301076,1909f56bfc062723c751e8b465ee728b)  -> (artifact id: '852f397d88cc30695c5773f5e74b1e56') in 0.082918 seconds 
========================================================================
Received Import Request.
  Time since last request: 0.000281 seconds.
  path: Assets/Scenes/PROYECTO_Campus_Virtual_JOTENSON.fbx
  artifactKey: Guid(47b244e084535de44a40ee03aece728e) Importer(815301076,1909f56bfc062723c751e8b465ee728b)
Start importing Assets/Scenes/PROYECTO_Campus_Virtual_JOTENSON.fbx using Guid(47b244e084535de44a40ee03aece728e) Importer(815301076,1909f56bfc062723c751e8b465ee728b)  -> (artifact id: '32ee90e17d7bc99484502e57f82d2a36') in 0.942550 seconds 
========================================================================
Received Import Request.
  Time since last request: 0.000356 seconds.
  path: Assets/Scenes/Comedor.fbx
  artifactKey: Guid(13b714d5b5ab0a945aa7165a778fab6e) Importer(815301076,1909f56bfc062723c751e8b465ee728b)
Start importing Assets/Scenes/Comedor.fbx using Guid(13b714d5b5ab0a945aa7165a778fab6e) Importer(815301076,1909f56bfc062723c751e8b465ee728b)  -> (artifact id: '5499cc78b48b292d70ff2b4459aa042c') in 0.140285 seconds 
========================================================================
Received Import Request.
  Time since last request: 0.000218 seconds.
  path: Assets/Scenes/esta_es.fbx
  artifactKey: Guid(27262fb983b8b7444b105ae18c123041) Importer(815301076,1909f56bfc062723c751e8b465ee728b)
Start importing Assets/Scenes/esta_es.fbx using Guid(27262fb983b8b7444b105ae18c123041) Importer(815301076,1909f56bfc062723c751e8b465ee728b)  -> (artifact id: 'a02435320048a779ad220388af60c876') in 1.003059 seconds 
========================================================================
Received Import Request.
  Time since last request: 0.000239 seconds.
  path: Assets/Scenes/PROYECTO_Campus_Virtual_EXACTAS.fbx
  artifactKey: Guid(0486265519b64284a80fa8305f1fff0c) Importer(815301076,1909f56bfc062723c751e8b465ee728b)
Start importing Assets/Scenes/PROYECTO_Campus_Virtual_EXACTAS.fbx using Guid(0486265519b64284a80fa8305f1fff0c) Importer(815301076,1909f56bfc062723c751e8b465ee728b)  -> (artifact id: 'ee05f1c5deeccfb20fa9d650e95515cd') in 0.569672 seconds 
========================================================================
Received Import Request.
  Time since last request: 0.000241 seconds.
  path: Assets/Scenes/PROYECTO_Campus_Virtual.fbx
  artifactKey: Guid(40e70053fdb6e864394ec7f52387b8c3) Importer(815301076,1909f56bfc062723c751e8b465ee728b)
Start importing Assets/Scenes/PROYECTO_Campus_Virtual.fbx using Guid(40e70053fdb6e864394ec7f52387b8c3) Importer(815301076,1909f56bfc062723c751e8b465ee728b)  -> (artifact id: '1c22f3c0adc10fe31f224c8ce20c266b') in 0.732283 seconds 
========================================================================
Received Import Request.
  Time since last request: 34.064239 seconds.
  path: Assets/Scenes/AulasComunes1.fbx
  artifactKey: Guid(f5bb2c521c109ca4ba9517b91c47a1a0) Importer(815301076,1909f56bfc062723c751e8b465ee728b)
Start importing Assets/Scenes/AulasComunes1.fbx using Guid(f5bb2c521c109ca4ba9517b91c47a1a0) Importer(815301076,1909f56bfc062723c751e8b465ee728b)  -> (artifact id: '527b6c2d27f06797c43fb28a69c8a2ba') in 0.204550 seconds 
========================================================================
Received Import Request.
  Time since last request: 0.000276 seconds.
  path: Assets/Scenes/Brick1.mat
  artifactKey: Guid(3b587b6324c33154a8a6a702d3d7b4fe) Importer(815301076,1909f56bfc062723c751e8b465ee728b)
Start importing Assets/Scenes/Brick1.mat using Guid(3b587b6324c33154a8a6a702d3d7b4fe) Importer(815301076,1909f56bfc062723c751e8b465ee728b)  -> (artifact id: 'ffe7930e3e376e0621535869bad13df2') in 0.027803 seconds 
========================================================================
Received Import Request.
  Time since last request: 0.000312 seconds.
  path: Assets/Scenes/Color_M02.mat
  artifactKey: Guid(27626123c62ea024f992b664062aa9a5) Importer(815301076,1909f56bfc062723c751e8b465ee728b)
Start importing Assets/Scenes/Color_M02.mat using Guid(27626123c62ea024f992b664062aa9a5) Importer(815301076,1909f56bfc062723c751e8b465ee728b)  -> (artifact id: '58aff0fbe75cc06197a300dd9aa0d96b') in 0.015854 seconds 
========================================================================
Received Import Request.
  Time since last request: 0.000224 seconds.
  path: Assets/Scenes/Color_M09.mat
  artifactKey: Guid(0b5997bceeaaeea46857d65636daf394) Importer(815301076,1909f56bfc062723c751e8b465ee728b)
Start importing Assets/Scenes/Color_M09.mat using Guid(0b5997bceeaaeea46857d65636daf394) Importer(815301076,1909f56bfc062723c751e8b465ee728b)  -> (artifact id: 'c6e7895042bf6c233a0105516df5dad4') in 0.013823 seconds 
========================================================================
Received Import Request.
  Time since last request: 0.000219 seconds.
  path: Assets/Scenes/FrontColor.mat
  artifactKey: Guid(0bf1aba5dc2b4614996d7db02af1bde6) Importer(815301076,1909f56bfc062723c751e8b465ee728b)
Start importing Assets/Scenes/FrontColor.mat using Guid(0bf1aba5dc2b4614996d7db02af1bde6) Importer(815301076,1909f56bfc062723c751e8b465ee728b)  -> (artifact id: '7228980d0532ce865251186b04b97c13') in 0.013384 seconds 
========================================================================
Received Import Request.
  Time since last request: 0.000195 seconds.
  path: Assets/Scenes/Cladding_Siding_White.mat
  artifactKey: Guid(e6d421ce9a464aa45849bc19ec66ddb1) Importer(815301076,1909f56bfc062723c751e8b465ee728b)
Start importing Assets/Scenes/Cladding_Siding_White.mat using Guid(e6d421ce9a464aa45849bc19ec66ddb1) Importer(815301076,1909f56bfc062723c751e8b465ee728b)  -> (artifact id: '488b87965e15d1b7ed5d3976e46bb52f') in 0.014352 seconds 
========================================================================
Received Import Request.
  Time since last request: 0.000220 seconds.
  path: Assets/Scenes/Polished_Concrete_Old.mat
  artifactKey: Guid(96b8d72ee06c123489a9e8b3db1485b4) Importer(815301076,1909f56bfc062723c751e8b465ee728b)
Start importing Assets/Scenes/Polished_Concrete_Old.mat using Guid(96b8d72ee06c123489a9e8b3db1485b4) Importer(815301076,1909f56bfc062723c751e8b465ee728b)  -> (artifact id: '84cb260e53ef589fc2dc22813ec82e35') in 0.014433 seconds 
========================================================================
Received Import Request.
  Time since last request: 0.000192 seconds.
  path: Assets/Scenes/Wood_Cherry_Original.mat
  artifactKey: Guid(38797700bb2f48547b6ab4b1381a06da) Importer(815301076,1909f56bfc062723c751e8b465ee728b)
Start importing Assets/Scenes/Wood_Cherry_Original.mat using Guid(38797700bb2f48547b6ab4b1381a06da) Importer(815301076,1909f56bfc062723c751e8b465ee728b)  -> (artifact id: 'e1175925957d8e000b3932c40d610a8c') in 0.014226 seconds 
========================================================================
Received Import Request.
  Time since last request: 0.000189 seconds.
  path: Assets/Scenes/Color_M05.mat
  artifactKey: Guid(d30e15fd844cbd546a65f68d449dd9ad) Importer(815301076,1909f56bfc062723c751e8b465ee728b)
Start importing Assets/Scenes/Color_M05.mat using Guid(d30e15fd844cbd546a65f68d449dd9ad) Importer(815301076,1909f56bfc062723c751e8b465ee728b)  -> (artifact id: '46c9e972a7aea31d0dc25555e52e29b8') in 0.014784 seconds 
========================================================================
Received Import Request.
  Time since last request: 0.000243 seconds.
  path: Assets/Scenes/Metal_Corrugated_Shiny.mat
  artifactKey: Guid(8aa98018a57ce9449bc94d2cd143595c) Importer(815301076,1909f56bfc062723c751e8b465ee728b)
Start importing Assets/Scenes/Metal_Corrugated_Shiny.mat using Guid(8aa98018a57ce9449bc94d2cd143595c) Importer(815301076,1909f56bfc062723c751e8b465ee728b)  -> (artifact id: '2c634063246e235a10e133aaf7a635eb') in 0.014170 seconds 
========================================================================
Received Import Request.
  Time since last request: 0.000154 seconds.
  path: Assets/Scenes/Grass_Dark_Green.mat
  artifactKey: Guid(8a30ed6c51b01ad4dae686fe8af41796) Importer(815301076,1909f56bfc062723c751e8b465ee728b)
Start importing Assets/Scenes/Grass_Dark_Green.mat using Guid(8a30ed6c51b01ad4dae686fe8af41796) Importer(815301076,1909f56bfc062723c751e8b465ee728b)  -> (artifact id: 'dd34ae09be6bcc2a928b60ca07e3812b') in 0.013721 seconds 
========================================================================
Received Import Request.
  Time since last request: 0.000185 seconds.
  path: Assets/Scenes/Color_M03.mat
  artifactKey: Guid(fa3a646579bbbb6418303ee505b6d6aa) Importer(815301076,1909f56bfc062723c751e8b465ee728b)
Start importing Assets/Scenes/Color_M03.mat using Guid(fa3a646579bbbb6418303ee505b6d6aa) Importer(815301076,1909f56bfc062723c751e8b465ee728b)  -> (artifact id: '051f54c4e94c6d5b26fca1f08ca5e6b5') in 0.012443 seconds 
========================================================================
Received Import Request.
  Time since last request: 0.000308 seconds.
  path: Assets/Scenes/porcelanmat1.mat
  artifactKey: Guid(c870cf550ac6d5f46b29a993ac468967) Importer(815301076,1909f56bfc062723c751e8b465ee728b)
Start importing Assets/Scenes/porcelanmat1.mat using Guid(c870cf550ac6d5f46b29a993ac468967) Importer(815301076,1909f56bfc062723c751e8b465ee728b)  -> (artifact id: 'c2d9e28e644b98f23cde28a3d1bb708b') in 0.012094 seconds 
========================================================================
Received Import Request.
  Time since last request: 0.000201 seconds.
  path: Assets/Scenes/Color_000.mat
  artifactKey: Guid(4b5c57d218a274141911e3bb343db133) Importer(815301076,1909f56bfc062723c751e8b465ee728b)
Start importing Assets/Scenes/Color_000.mat using Guid(4b5c57d218a274141911e3bb343db133) Importer(815301076,1909f56bfc062723c751e8b465ee728b)  -> (artifact id: '9051d8a32a8b0dcd55cd52826ccba810') in 0.012991 seconds 
========================================================================
Received Import Request.
  Time since last request: 0.000194 seconds.
  path: Assets/Scenes/Field_Square_Tile.mat
  artifactKey: Guid(8c4000138a24a214292d56006aacf616) Importer(815301076,1909f56bfc062723c751e8b465ee728b)
Start importing Assets/Scenes/Field_Square_Tile.mat using Guid(8c4000138a24a214292d56006aacf616) Importer(815301076,1909f56bfc062723c751e8b465ee728b)  -> (artifact id: 'f611dc778bea51853cf7091ad4e8762c') in 0.014192 seconds 
========================================================================
Received Import Request.
  Time since last request: 0.000182 seconds.
  path: Assets/Scenes/Translucent_Glass_Gray.mat
  artifactKey: Guid(319ca0d3715191641aa63bedb8cbf65a) Importer(815301076,1909f56bfc062723c751e8b465ee728b)
Start importing Assets/Scenes/Translucent_Glass_Gray.mat using Guid(319ca0d3715191641aa63bedb8cbf65a) Importer(815301076,1909f56bfc062723c751e8b465ee728b)  -> (artifact id: '865bdf40b8d60def83b22524eafc5daf') in 0.017684 seconds 
========================================================================
Received Import Request.
  Time since last request: 0.000231 seconds.
  path: Assets/Scenes/Blinds_Vertical_Pattern.mat
  artifactKey: Guid(a725e4daf0e16384aa7c0ac57a026c29) Importer(815301076,1909f56bfc062723c751e8b465ee728b)
Start importing Assets/Scenes/Blinds_Vertical_Pattern.mat using Guid(a725e4daf0e16384aa7c0ac57a026c29) Importer(815301076,1909f56bfc062723c751e8b465ee728b)  -> (artifact id: 'd85c405c78d3ee36a992ccbc7b104729') in 0.013009 seconds 
========================================================================
Received Import Request.
  Time since last request: 0.000215 seconds.
  path: Assets/Scenes/Color_M00.mat
  artifactKey: Guid(ba203eac00548d8418dd87563ad53383) Importer(815301076,1909f56bfc062723c751e8b465ee728b)
Start importing Assets/Scenes/Color_M00.mat using Guid(ba203eac00548d8418dd87563ad53383) Importer(815301076,1909f56bfc062723c751e8b465ee728b)  -> (artifact id: 'ec17988738c74117c3867c77c99ec87f') in 0.013154 seconds 
========================================================================
Received Import Request.
  Time since last request: 0.000218 seconds.
  path: Assets/Scenes/Color_B05.mat
  artifactKey: Guid(bb89bd09b2a2fec4a916255c8a028155) Importer(815301076,1909f56bfc062723c751e8b465ee728b)
Start importing Assets/Scenes/Color_B05.mat using Guid(bb89bd09b2a2fec4a916255c8a028155) Importer(815301076,1909f56bfc062723c751e8b465ee728b)  -> (artifact id: 'e66ceb9b3c51593e62876cbb0d474272') in 0.013582 seconds 
========================================================================
Received Import Request.
  Time since last request: 0.000166 seconds.
  path: Assets/Scenes/Color_D01.mat
  artifactKey: Guid(0f7b2743506c1d9429211d3e2b4858ff) Importer(815301076,1909f56bfc062723c751e8b465ee728b)
Start importing Assets/Scenes/Color_D01.mat using Guid(0f7b2743506c1d9429211d3e2b4858ff) Importer(815301076,1909f56bfc062723c751e8b465ee728b)  -> (artifact id: 'd9bb076ea07e5a0b71d411c1b218ea41') in 0.012047 seconds 
========================================================================
Received Import Request.
  Time since last request: 0.000219 seconds.
  path: Assets/Scenes/BackColor.mat
  artifactKey: Guid(bad977c2bfc2edc4c8b0f1f69c8a4fd5) Importer(815301076,1909f56bfc062723c751e8b465ee728b)
Start importing Assets/Scenes/BackColor.mat using Guid(bad977c2bfc2edc4c8b0f1f69c8a4fd5) Importer(815301076,1909f56bfc062723c751e8b465ee728b)  -> (artifact id: 'f3f248a76023658ea63a3296a1577fb4') in 0.012643 seconds 
========================================================================
Received Import Request.
  Time since last request: 0.000238 seconds.
  path: Assets/Scenes/Color_001.mat
  artifactKey: Guid(9bd13d70edcc89046ac9f9a22b4e19b9) Importer(815301076,1909f56bfc062723c751e8b465ee728b)
Start importing Assets/Scenes/Color_001.mat using Guid(9bd13d70edcc89046ac9f9a22b4e19b9) Importer(815301076,1909f56bfc062723c751e8b465ee728b)  -> (artifact id: '1a780ed94390d2b0a8e487b3a03a9bfd') in 0.012802 seconds 
========================================================================
Received Import Request.
  Time since last request: 0.000250 seconds.
  path: Assets/Scenes/Color_B08.mat
  artifactKey: Guid(5fa054ee47d73534caa17e02eaeabcbf) Importer(815301076,1909f56bfc062723c751e8b465ee728b)
Start importing Assets/Scenes/Color_B08.mat using Guid(5fa054ee47d73534caa17e02eaeabcbf) Importer(815301076,1909f56bfc062723c751e8b465ee728b)  -> (artifact id: '6029a22dfaf0e6082cffc39bb2b6b8d2') in 0.012898 seconds 
========================================================================
Received Import Request.
  Time since last request: 0.000192 seconds.
  path: Assets/Scenes/Blacktop_Old_01.mat
  artifactKey: Guid(263cb698f52e47b4dbcf4a3429c2f72e) Importer(815301076,1909f56bfc062723c751e8b465ee728b)
Start importing Assets/Scenes/Blacktop_Old_01.mat using Guid(263cb698f52e47b4dbcf4a3429c2f72e) Importer(815301076,1909f56bfc062723c751e8b465ee728b)  -> (artifact id: 'c49cba9a6916277e57ad2284e6bbbf25') in 0.012907 seconds 
========================================================================
Received Import Request.
  Time since last request: 166.480632 seconds.
  path: Assets/Scenes/PROYECTO_Campus_Virtual.fbx
  artifactKey: Guid(40e70053fdb6e864394ec7f52387b8c3) Importer(815301076,1909f56bfc062723c751e8b465ee728b)
Start importing Assets/Scenes/PROYECTO_Campus_Virtual.fbx using Guid(40e70053fdb6e864394ec7f52387b8c3) Importer(815301076,1909f56bfc062723c751e8b465ee728b)  -> (artifact id: '4cdbff693af48767a08ca8564aff27d3') in 0.599590 seconds 
========================================================================
Received Import Request.
  Time since last request: 48.195115 seconds.
  path: Assets/Scenes/AulasComunes1.fbx
  artifactKey: Guid(f5bb2c521c109ca4ba9517b91c47a1a0) Importer(815301076,1909f56bfc062723c751e8b465ee728b)
Start importing Assets/Scenes/AulasComunes1.fbx using Guid(f5bb2c521c109ca4ba9517b91c47a1a0) Importer(815301076,1909f56bfc062723c751e8b465ee728b)  -> (artifact id: 'e617f7ff99f494f7516563ad0039097c') in 0.197278 seconds 
========================================================================
Received Import Request.
  Time since last request: 17.445493 seconds.
  path: Assets/Scenes/AulasComunes1.fbx
  artifactKey: Guid(f5bb2c521c109ca4ba9517b91c47a1a0) Importer(815301076,1909f56bfc062723c751e8b465ee728b)
Start importing Assets/Scenes/AulasComunes1.fbx using Guid(f5bb2c521c109ca4ba9517b91c47a1a0) Importer(815301076,1909f56bfc062723c751e8b465ee728b)  -> (artifact id: '4f5a06aad2d792f06e12455f55a28ced') in 0.195901 seconds 
========================================================================
Received Import Request.
  Time since last request: 3.102223 seconds.
  path: Assets/Scenes/Materials
  artifactKey: Guid(dc151963c48e8ac4c93832523275e3de) Importer(815301076,1909f56bfc062723c751e8b465ee728b)
Start importing Assets/Scenes/Materials using Guid(dc151963c48e8ac4c93832523275e3de) Importer(815301076,1909f56bfc062723c751e8b465ee728b)  -> (artifact id: '2bc47cba0400834efcc450d1ea4cea7e') in 0.009263 seconds 
========================================================================
Received Import Request.
  Time since last request: 0.734298 seconds.
  path: Assets/Scenes/Materials/BackColor.mat
  artifactKey: Guid(4f666fcaa63fb1443a4688982ca2217f) Importer(815301076,1909f56bfc062723c751e8b465ee728b)
Start importing Assets/Scenes/Materials/BackColor.mat using Guid(4f666fcaa63fb1443a4688982ca2217f) Importer(815301076,1909f56bfc062723c751e8b465ee728b)  -> (artifact id: '29d3a250015c53f3365566050a7ef5fe') in 0.012462 seconds 
========================================================================
Received Import Request.
  Time since last request: 0.000159 seconds.
  path: Assets/Scenes/Materials/FrontColor.mat
  artifactKey: Guid(467e5614f0ba8e04baf5d6e9eba5810d) Importer(815301076,1909f56bfc062723c751e8b465ee728b)
Start importing Assets/Scenes/Materials/FrontColor.mat using Guid(467e5614f0ba8e04baf5d6e9eba5810d) Importer(815301076,1909f56bfc062723c751e8b465ee728b)  -> (artifact id: '81abb239323e3c083a95387a7cdd3fd8') in 0.008851 seconds 
========================================================================
Received Import Request.
  Time since last request: 0.000207 seconds.
  path: Assets/Scenes/Materials/Color_M02.mat
  artifactKey: Guid(56b40173cb2649549b116467f9f08a03) Importer(815301076,1909f56bfc062723c751e8b465ee728b)
Start importing Assets/Scenes/Materials/Color_M02.mat using Guid(56b40173cb2649549b116467f9f08a03) Importer(815301076,1909f56bfc062723c751e8b465ee728b)  -> (artifact id: '7b8a9de53a5eb001d73494311f69f536') in 0.008438 seconds 
========================================================================
Received Import Request.
  Time since last request: 0.000270 seconds.
  path: Assets/Scenes/Materials/Color_001.mat
  artifactKey: Guid(7dfcf1e65aa32984c894d06f0afd4eeb) Importer(815301076,1909f56bfc062723c751e8b465ee728b)
Start importing Assets/Scenes/Materials/Color_001.mat using Guid(7dfcf1e65aa32984c894d06f0afd4eeb) Importer(815301076,1909f56bfc062723c751e8b465ee728b)  -> (artifact id: '99d74577833106c0849bf6a351984ed3') in 0.008015 seconds 
========================================================================
Received Import Request.
  Time since last request: 0.000223 seconds.
  path: Assets/Scenes/Materials/Translucent_Glass_Gray.mat
  artifactKey: Guid(07e5d13d341d1894c89de61e38e604cd) Importer(815301076,1909f56bfc062723c751e8b465ee728b)
Start importing Assets/Scenes/Materials/Translucent_Glass_Gray.mat using Guid(07e5d13d341d1894c89de61e38e604cd) Importer(815301076,1909f56bfc062723c751e8b465ee728b)  -> (artifact id: 'ab76a445fbd7ea896d5c37442ecbec55') in 0.008674 seconds 
========================================================================
Received Import Request.
  Time since last request: 0.000142 seconds.
  path: Assets/Scenes/Materials/Blinds_Vertical_Pattern.mat
  artifactKey: Guid(b3dcb1cff7e257e4eb38075aaf017f14) Importer(815301076,1909f56bfc062723c751e8b465ee728b)
Start importing Assets/Scenes/Materials/Blinds_Vertical_Pattern.mat using Guid(b3dcb1cff7e257e4eb38075aaf017f14) Importer(815301076,1909f56bfc062723c751e8b465ee728b)  -> (artifact id: '08e7d1ed0066e736b398fee3affa22d2') in 0.009035 seconds 
========================================================================
Received Import Request.
  Time since last request: 0.000235 seconds.
  path: Assets/Scenes/Materials/porcelanmat1.mat
  artifactKey: Guid(e2604f15099345642b5f0c15db0f1eed) Importer(815301076,1909f56bfc062723c751e8b465ee728b)
Start importing Assets/Scenes/Materials/porcelanmat1.mat using Guid(e2604f15099345642b5f0c15db0f1eed) Importer(815301076,1909f56bfc062723c751e8b465ee728b)  -> (artifact id: '4025c1ad8ffe29d07eed75e50f170590') in 0.008126 seconds 
========================================================================
Received Import Request.
  Time since last request: 0.000228 seconds.
  path: Assets/Scenes/Materials/Field_Square_Tile.mat
  artifactKey: Guid(297e7fb5c8b893b46bb9e55af67e8ccc) Importer(815301076,1909f56bfc062723c751e8b465ee728b)
Start importing Assets/Scenes/Materials/Field_Square_Tile.mat using Guid(297e7fb5c8b893b46bb9e55af67e8ccc) Importer(815301076,1909f56bfc062723c751e8b465ee728b)  -> (artifact id: '46ec9f401cf38fcd9e7969005e65d4df') in 0.008385 seconds 
========================================================================
Received Import Request.
  Time since last request: 0.000157 seconds.
  path: Assets/Scenes/Materials/Color_B08.mat
  artifactKey: Guid(6b733eb5faef0c34cb9792b473d3f62c) Importer(815301076,1909f56bfc062723c751e8b465ee728b)
Start importing Assets/Scenes/Materials/Color_B08.mat using Guid(6b733eb5faef0c34cb9792b473d3f62c) Importer(815301076,1909f56bfc062723c751e8b465ee728b)  -> (artifact id: '7bcfaf33af451d0ab3dd65b67d176bc1') in 0.011010 seconds 
========================================================================
Received Import Request.
  Time since last request: 0.000173 seconds.
  path: Assets/Scenes/Materials/Metal_Corrugated_Shiny.mat
  artifactKey: Guid(aa2d28ee265dd09418411e4ce55c95c4) Importer(815301076,1909f56bfc062723c751e8b465ee728b)
Start importing Assets/Scenes/Materials/Metal_Corrugated_Shiny.mat using Guid(aa2d28ee265dd09418411e4ce55c95c4) Importer(815301076,1909f56bfc062723c751e8b465ee728b)  -> (artifact id: 'c9707267166e75dcba7f176ffb783575') in 0.012293 seconds 
========================================================================
Received Import Request.
  Time since last request: 0.000195 seconds.
  path: Assets/Scenes/Materials/Color_M05.mat
  artifactKey: Guid(8623be2c7e8da394e99b4bd23291a6e7) Importer(815301076,1909f56bfc062723c751e8b465ee728b)
Start importing Assets/Scenes/Materials/Color_M05.mat using Guid(8623be2c7e8da394e99b4bd23291a6e7) Importer(815301076,1909f56bfc062723c751e8b465ee728b)  -> (artifact id: 'd1b70f77cea6e22b740a14b0402d9676') in 0.007969 seconds 
========================================================================
Received Import Request.
  Time since last request: 0.000232 seconds.
  path: Assets/Scenes/Materials/Cladding_Siding_White.mat
  artifactKey: Guid(5489c86947e9547458148699d62b4043) Importer(815301076,1909f56bfc062723c751e8b465ee728b)
Start importing Assets/Scenes/Materials/Cladding_Siding_White.mat using Guid(5489c86947e9547458148699d62b4043) Importer(815301076,1909f56bfc062723c751e8b465ee728b)  -> (artifact id: '3c319851a307913dfce85b374d7d68be') in 0.008249 seconds 
========================================================================
Received Import Request.
  Time since last request: 0.000200 seconds.
  path: Assets/Scenes/Materials/Color_M09.mat
  artifactKey: Guid(9c6107cbaad9d744e8f1ab2b5e2bd592) Importer(815301076,1909f56bfc062723c751e8b465ee728b)
Start importing Assets/Scenes/Materials/Color_M09.mat using Guid(9c6107cbaad9d744e8f1ab2b5e2bd592) Importer(815301076,1909f56bfc062723c751e8b465ee728b)  -> (artifact id: 'ff551792631bd775e8e2c7c02aea52e0') in 0.009064 seconds 
========================================================================
Received Import Request.
  Time since last request: 0.000184 seconds.
  path: Assets/Scenes/Materials/Color_000.mat
  artifactKey: Guid(8327db5a2b576dd45954090186bebe6e) Importer(815301076,1909f56bfc062723c751e8b465ee728b)
Start importing Assets/Scenes/Materials/Color_000.mat using Guid(8327db5a2b576dd45954090186bebe6e) Importer(815301076,1909f56bfc062723c751e8b465ee728b)  -> (artifact id: 'dabca12d0236e5b6d12ab11fd12ead17') in 0.008611 seconds 
========================================================================
Received Import Request.
  Time since last request: 0.000239 seconds.
  path: Assets/Scenes/Materials/Grass_Dark_Green.mat
  artifactKey: Guid(e94f1b7a5263a1c45b0b4db5d9d9fb79) Importer(815301076,1909f56bfc062723c751e8b465ee728b)
Start importing Assets/Scenes/Materials/Grass_Dark_Green.mat using Guid(e94f1b7a5263a1c45b0b4db5d9d9fb79) Importer(815301076,1909f56bfc062723c751e8b465ee728b)  -> (artifact id: '6d9a80ce7531566c05fe3a09cbeb2b12') in 0.008796 seconds 
========================================================================
Received Import Request.
  Time since last request: 0.000214 seconds.
  path: Assets/Scenes/Materials/Polished_Concrete_Old.mat
  artifactKey: Guid(1f4e85ecc63e2a14383a18f7970bbf77) Importer(815301076,1909f56bfc062723c751e8b465ee728b)
Start importing Assets/Scenes/Materials/Polished_Concrete_Old.mat using Guid(1f4e85ecc63e2a14383a18f7970bbf77) Importer(815301076,1909f56bfc062723c751e8b465ee728b)  -> (artifact id: '62dca3025056861911d145417cb44b0b') in 0.008836 seconds 
========================================================================
Received Import Request.
  Time since last request: 0.000215 seconds.
  path: Assets/Scenes/Materials/Color_B05.mat
  artifactKey: Guid(1c8a4106bc4a7bc4897d52539cd7e745) Importer(815301076,1909f56bfc062723c751e8b465ee728b)
Start importing Assets/Scenes/Materials/Color_B05.mat using Guid(1c8a4106bc4a7bc4897d52539cd7e745) Importer(815301076,1909f56bfc062723c751e8b465ee728b)  -> (artifact id: 'e5234312a2655cd53ca8f504a699cfb8') in 0.011614 seconds 
========================================================================
Received Import Request.
  Time since last request: 0.000196 seconds.
  path: Assets/Scenes/Materials/Blacktop_Old_01.mat
  artifactKey: Guid(1d87f54255febed45a9617b89257dec6) Importer(815301076,1909f56bfc062723c751e8b465ee728b)
Start importing Assets/Scenes/Materials/Blacktop_Old_01.mat using Guid(1d87f54255febed45a9617b89257dec6) Importer(815301076,1909f56bfc062723c751e8b465ee728b)  -> (artifact id: '710d0d900888021f51628f8e4665c508') in 0.013181 seconds 
========================================================================
Received Import Request.
  Time since last request: 0.000189 seconds.
  path: Assets/Scenes/Materials/Brick1.mat
  artifactKey: Guid(1939ac4a93d4fa94db682b14e942d1a3) Importer(815301076,1909f56bfc062723c751e8b465ee728b)
Start importing Assets/Scenes/Materials/Brick1.mat using Guid(1939ac4a93d4fa94db682b14e942d1a3) Importer(815301076,1909f56bfc062723c751e8b465ee728b)  -> (artifact id: '5b0f6564be11f6c87e9f2074daf20d8b') in 0.009274 seconds 
========================================================================
Received Import Request.
  Time since last request: 0.000242 seconds.
  path: Assets/Scenes/Materials/Wood_Cherry_Original.mat
  artifactKey: Guid(71f43e11264815a44b35747173cee90f) Importer(815301076,1909f56bfc062723c751e8b465ee728b)
Start importing Assets/Scenes/Materials/Wood_Cherry_Original.mat using Guid(71f43e11264815a44b35747173cee90f) Importer(815301076,1909f56bfc062723c751e8b465ee728b)  -> (artifact id: '67d0b2800b6552db9abedab9ac10bdfc') in 0.008099 seconds 
========================================================================
Received Import Request.
  Time since last request: 0.000249 seconds.
  path: Assets/Scenes/Materials/Color_M00.mat
  artifactKey: Guid(9000c45c1ac1cc347bb019550e1de286) Importer(815301076,1909f56bfc062723c751e8b465ee728b)
Start importing Assets/Scenes/Materials/Color_M00.mat using Guid(9000c45c1ac1cc347bb019550e1de286) Importer(815301076,1909f56bfc062723c751e8b465ee728b)  -> (artifact id: 'd7c627138db32cc3356fc70392131135') in 0.011882 seconds 
========================================================================
Received Import Request.
  Time since last request: 0.000291 seconds.
  path: Assets/Scenes/Materials/Color_D01.mat
  artifactKey: Guid(342081ea41d50e040a34349794a0aab8) Importer(815301076,1909f56bfc062723c751e8b465ee728b)
Start importing Assets/Scenes/Materials/Color_D01.mat using Guid(342081ea41d50e040a34349794a0aab8) Importer(815301076,1909f56bfc062723c751e8b465ee728b)  -> (artifact id: 'b9af11f12eda343f429778fc9670dd21') in 0.012330 seconds 
========================================================================
Received Import Request.
  Time since last request: 0.000182 seconds.
  path: Assets/Scenes/Materials/Color_M03.mat
  artifactKey: Guid(a5f5481040f378e44a0a12f8fd7d65ee) Importer(815301076,1909f56bfc062723c751e8b465ee728b)
Start importing Assets/Scenes/Materials/Color_M03.mat using Guid(a5f5481040f378e44a0a12f8fd7d65ee) Importer(815301076,1909f56bfc062723c751e8b465ee728b)  -> (artifact id: '3e8ccf35835076ee6a24146d8137e566') in 0.008458 seconds 
========================================================================
Received Import Request.
  Time since last request: 6.445020 seconds.
  path: Assets/Scenes/AulasComunes1
  artifactKey: Guid(ddd0f8fff81a33746a968f3599b8a9ad) Importer(815301076,1909f56bfc062723c751e8b465ee728b)
Start importing Assets/Scenes/AulasComunes1 using Guid(ddd0f8fff81a33746a968f3599b8a9ad) Importer(815301076,1909f56bfc062723c751e8b465ee728b)  -> (artifact id: 'e0035e11c9a14591bbddfd9cfcebd1de') in 0.003131 seconds 
========================================================================
Received Import Request.
  Time since last request: 0.032105 seconds.
  path: Assets/Scenes/AulasComunes1/BackColor.mat
  artifactKey: Guid(0cb70323920d4a849a9eb40b9f229854) Importer(815301076,1909f56bfc062723c751e8b465ee728b)
Start importing Assets/Scenes/AulasComunes1/BackColor.mat using Guid(0cb70323920d4a849a9eb40b9f229854) Importer(815301076,1909f56bfc062723c751e8b465ee728b)  -> (artifact id: '83006c5d7a6299d1b5e616e9e96e6b9d') in 0.010861 seconds 
========================================================================
Received Import Request.
  Time since last request: 0.000170 seconds.
  path: Assets/Scenes/AulasComunes1/Blinds_Vertical_Pattern.mat
  artifactKey: Guid(3810ea79e35c8fa4f8a7a2e58ec07b7a) Importer(815301076,1909f56bfc062723c751e8b465ee728b)
Start importing Assets/Scenes/AulasComunes1/Blinds_Vertical_Pattern.mat using Guid(3810ea79e35c8fa4f8a7a2e58ec07b7a) Importer(815301076,1909f56bfc062723c751e8b465ee728b)  -> (artifact id: '340a4e6a4d909605b1981011bbdeff24') in 0.008156 seconds 
========================================================================
Received Import Request.
  Time since last request: 0.000169 seconds.
  path: Assets/Scenes/AulasComunes1/Color_001.mat
  artifactKey: Guid(007662e95aff64a478c5059b7f608a8d) Importer(815301076,1909f56bfc062723c751e8b465ee728b)
Start importing Assets/Scenes/AulasComunes1/Color_001.mat using Guid(007662e95aff64a478c5059b7f608a8d) Importer(815301076,1909f56bfc062723c751e8b465ee728b)  -> (artifact id: '9ba41ef286f6cb94895b8be4f429065c') in 0.008745 seconds 
========================================================================
Received Import Request.
  Time since last request: 0.000173 seconds.
  path: Assets/Scenes/AulasComunes1/Field_Square_Tile.mat
  artifactKey: Guid(353afbf447df20e4eb5ec35d7e5f6489) Importer(815301076,1909f56bfc062723c751e8b465ee728b)
Start importing Assets/Scenes/AulasComunes1/Field_Square_Tile.mat using Guid(353afbf447df20e4eb5ec35d7e5f6489) Importer(815301076,1909f56bfc062723c751e8b465ee728b)  -> (artifact id: '7b55f1b01d27afc4302c0b7c0dc103be') in 0.008169 seconds 
========================================================================
Received Import Request.
  Time since last request: 0.000190 seconds.
  path: Assets/Scenes/AulasComunes1/Brick1.mat
  artifactKey: Guid(bc539f8ce1a565a4caa42fa016e1750f) Importer(815301076,1909f56bfc062723c751e8b465ee728b)
Start importing Assets/Scenes/AulasComunes1/Brick1.mat using Guid(bc539f8ce1a565a4caa42fa016e1750f) Importer(815301076,1909f56bfc062723c751e8b465ee728b)  -> (artifact id: '1d905187062b147d03eb1bbaa8429c3d') in 0.009956 seconds 
========================================================================
Received Import Request.
  Time since last request: 0.000181 seconds.
  path: Assets/Scenes/AulasComunes1/Wood_Cherry_Original.mat
  artifactKey: Guid(e8d768b88056027469ae055bf4ef9543) Importer(815301076,1909f56bfc062723c751e8b465ee728b)
Start importing Assets/Scenes/AulasComunes1/Wood_Cherry_Original.mat using Guid(e8d768b88056027469ae055bf4ef9543) Importer(815301076,1909f56bfc062723c751e8b465ee728b)  -> (artifact id: '20abccf3a5660ec2a4874aee766f2df3') in 0.008238 seconds 
========================================================================
Received Import Request.
  Time since last request: 0.000244 seconds.
  path: Assets/Scenes/AulasComunes1/FrontColor.mat
  artifactKey: Guid(0b887f1d4dfe93945b9becc217766e57) Importer(815301076,1909f56bfc062723c751e8b465ee728b)
Start importing Assets/Scenes/AulasComunes1/FrontColor.mat using Guid(0b887f1d4dfe93945b9becc217766e57) Importer(815301076,1909f56bfc062723c751e8b465ee728b)  -> (artifact id: 'b24fc1af12c621a3766015c2855c8966') in 0.008601 seconds 
========================================================================
Received Import Request.
  Time since last request: 0.000213 seconds.
  path: Assets/Scenes/AulasComunes1/Color_000.mat
  artifactKey: Guid(bbdc1dc3753d05c488fbb4fe91ab40f4) Importer(815301076,1909f56bfc062723c751e8b465ee728b)
Start importing Assets/Scenes/AulasComunes1/Color_000.mat using Guid(bbdc1dc3753d05c488fbb4fe91ab40f4) Importer(815301076,1909f56bfc062723c751e8b465ee728b)  -> (artifact id: '56b1bd45c9887da4f741564c15400627') in 0.008664 seconds 
========================================================================
Received Import Request.
  Time since last request: 0.000159 seconds.
  path: Assets/Scenes/AulasComunes1/Color_B05.mat
  artifactKey: Guid(88f47ae3924ad12458e8cca8dbb6d22f) Importer(815301076,1909f56bfc062723c751e8b465ee728b)
Start importing Assets/Scenes/AulasComunes1/Color_B05.mat using Guid(88f47ae3924ad12458e8cca8dbb6d22f) Importer(815301076,1909f56bfc062723c751e8b465ee728b)  -> (artifact id: '66205bb52115fe91c23e38515d1c3733') in 0.011469 seconds 
========================================================================
Received Import Request.
  Time since last request: 0.000219 seconds.
  path: Assets/Scenes/AulasComunes1/Metal_Corrugated_Shiny.mat
  artifactKey: Guid(26e2601a88e81254b9ef3f55ea6b8afe) Importer(815301076,1909f56bfc062723c751e8b465ee728b)
Start importing Assets/Scenes/AulasComunes1/Metal_Corrugated_Shiny.mat using Guid(26e2601a88e81254b9ef3f55ea6b8afe) Importer(815301076,1909f56bfc062723c751e8b465ee728b)  -> (artifact id: 'd89fd35f2fae5e9c207b43c2b416359c') in 0.011665 seconds 
========================================================================
Received Import Request.
  Time since last request: 0.000262 seconds.
  path: Assets/Scenes/AulasComunes1/porcelanmat1.mat
  artifactKey: Guid(db0a1c0127f9eae499606bce487152f1) Importer(815301076,1909f56bfc062723c751e8b465ee728b)
Start importing Assets/Scenes/AulasComunes1/porcelanmat1.mat using Guid(db0a1c0127f9eae499606bce487152f1) Importer(815301076,1909f56bfc062723c751e8b465ee728b)  -> (artifact id: 'e84ce079e09f2a605bb45dc9f97b50fc') in 0.007764 seconds 
========================================================================
Received Import Request.
  Time since last request: 0.000239 seconds.
  path: Assets/Scenes/AulasComunes1/Color_M00.mat
  artifactKey: Guid(a8f57758872bf2c4a80f1b22e53d2d3b) Importer(815301076,1909f56bfc062723c751e8b465ee728b)
Start importing Assets/Scenes/AulasComunes1/Color_M00.mat using Guid(a8f57758872bf2c4a80f1b22e53d2d3b) Importer(815301076,1909f56bfc062723c751e8b465ee728b)  -> (artifact id: '424dfa6662ddb56359eba1ed61b943f4') in 0.008095 seconds 
========================================================================
Received Import Request.
  Time since last request: 0.000178 seconds.
  path: Assets/Scenes/AulasComunes1/Blacktop_Old_01.mat
  artifactKey: Guid(e3fc0ca8f80cd414ca325725b382bdf9) Importer(815301076,1909f56bfc062723c751e8b465ee728b)
Start importing Assets/Scenes/AulasComunes1/Blacktop_Old_01.mat using Guid(e3fc0ca8f80cd414ca325725b382bdf9) Importer(815301076,1909f56bfc062723c751e8b465ee728b)  -> (artifact id: '2b095937ee1efe85999d1789a4d5b7e3') in 0.008745 seconds 
========================================================================
Received Import Request.
  Time since last request: 0.000185 seconds.
  path: Assets/Scenes/AulasComunes1/Color_M09.mat
  artifactKey: Guid(6676095c431b5724f9c25cadae5afd93) Importer(815301076,1909f56bfc062723c751e8b465ee728b)
Start importing Assets/Scenes/AulasComunes1/Color_M09.mat using Guid(6676095c431b5724f9c25cadae5afd93) Importer(815301076,1909f56bfc062723c751e8b465ee728b)  -> (artifact id: '30035ffc030dc9d1f0d391f9a50d9e8a') in 0.008450 seconds 
========================================================================
Received Import Request.
  Time since last request: 0.000214 seconds.
  path: Assets/Scenes/AulasComunes1/Color_D01.mat
  artifactKey: Guid(d4270cba105f5934c8d58687a7e0bd02) Importer(815301076,1909f56bfc062723c751e8b465ee728b)
Start importing Assets/Scenes/AulasComunes1/Color_D01.mat using Guid(d4270cba105f5934c8d58687a7e0bd02) Importer(815301076,1909f56bfc062723c751e8b465ee728b)  -> (artifact id: 'adfbd490f0fd6693db134a18ff7c908b') in 0.010691 seconds 
========================================================================
Received Import Request.
  Time since last request: 0.000254 seconds.
  path: Assets/Scenes/AulasComunes1/Color_M05.mat
  artifactKey: Guid(b17e7eec9f8eb4e4cb7793762ef630dd) Importer(815301076,1909f56bfc062723c751e8b465ee728b)
Start importing Assets/Scenes/AulasComunes1/Color_M05.mat using Guid(b17e7eec9f8eb4e4cb7793762ef630dd) Importer(815301076,1909f56bfc062723c751e8b465ee728b)  -> (artifact id: '0704702ad5ef8018c3d5a9e90c438efc') in 0.008103 seconds 
========================================================================
Received Import Request.
  Time since last request: 0.000191 seconds.
  path: Assets/Scenes/AulasComunes1/Color_M02.mat
  artifactKey: Guid(98c28da168ae5674bbe4c346a393b9b1) Importer(815301076,1909f56bfc062723c751e8b465ee728b)
Start importing Assets/Scenes/AulasComunes1/Color_M02.mat using Guid(98c28da168ae5674bbe4c346a393b9b1) Importer(815301076,1909f56bfc062723c751e8b465ee728b)  -> (artifact id: '8eb6c9ce58409a2571bb2a0d6e22277e') in 0.008877 seconds 
========================================================================
Received Import Request.
  Time since last request: 0.000187 seconds.
  path: Assets/Scenes/AulasComunes1/Grass_Dark_Green.mat
  artifactKey: Guid(61be2adfd52ccbf46ab23f65ed1f1df5) Importer(815301076,1909f56bfc062723c751e8b465ee728b)
Start importing Assets/Scenes/AulasComunes1/Grass_Dark_Green.mat using Guid(61be2adfd52ccbf46ab23f65ed1f1df5) Importer(815301076,1909f56bfc062723c751e8b465ee728b)  -> (artifact id: '09fd5715dfce1aa554c79d99d4f382a3') in 0.008807 seconds 
========================================================================
Received Import Request.
  Time since last request: 0.000272 seconds.
  path: Assets/Scenes/AulasComunes1/Translucent_Glass_Gray.mat
  artifactKey: Guid(780713ee8bc645543ab62ffc760f3891) Importer(815301076,1909f56bfc062723c751e8b465ee728b)
Start importing Assets/Scenes/AulasComunes1/Translucent_Glass_Gray.mat using Guid(780713ee8bc645543ab62ffc760f3891) Importer(815301076,1909f56bfc062723c751e8b465ee728b)  -> (artifact id: 'd3365a08f20c5956a7d4e922c370e648') in 0.008489 seconds 
========================================================================
Received Import Request.
  Time since last request: 0.000176 seconds.
  path: Assets/Scenes/AulasComunes1/Color_M03.mat
  artifactKey: Guid(254db15168d169a4fa970c0298eddaf8) Importer(815301076,1909f56bfc062723c751e8b465ee728b)
Start importing Assets/Scenes/AulasComunes1/Color_M03.mat using Guid(254db15168d169a4fa970c0298eddaf8) Importer(815301076,1909f56bfc062723c751e8b465ee728b)  -> (artifact id: '696082f5a54abc65e9e3dbcb5a6ccc74') in 0.009596 seconds 
========================================================================
Received Import Request.
  Time since last request: 0.000206 seconds.
  path: Assets/Scenes/AulasComunes1/Cladding_Siding_White.mat
  artifactKey: Guid(eb0d1990e6293594cbfe30bd3f504a1a) Importer(815301076,1909f56bfc062723c751e8b465ee728b)
Start importing Assets/Scenes/AulasComunes1/Cladding_Siding_White.mat using Guid(eb0d1990e6293594cbfe30bd3f504a1a) Importer(815301076,1909f56bfc062723c751e8b465ee728b)  -> (artifact id: '57eaa539ad1bcb1e21adc85a5f61ea3e') in 0.008691 seconds 
========================================================================
Received Import Request.
  Time since last request: 0.000202 seconds.
  path: Assets/Scenes/AulasComunes1/Color_B08.mat
  artifactKey: Guid(d1b13ad48be743c4889d9705942d17af) Importer(815301076,1909f56bfc062723c751e8b465ee728b)
Start importing Assets/Scenes/AulasComunes1/Color_B08.mat using Guid(d1b13ad48be743c4889d9705942d17af) Importer(815301076,1909f56bfc062723c751e8b465ee728b)  -> (artifact id: '05c405819439e6692b79636bda0442f1') in 0.011470 seconds 
========================================================================
Received Import Request.
  Time since last request: 0.000237 seconds.
  path: Assets/Scenes/AulasComunes1/Polished_Concrete_Old.mat
  artifactKey: Guid(aae6eb2735e86044299c9a2c3a2d18fe) Importer(815301076,1909f56bfc062723c751e8b465ee728b)
Start importing Assets/Scenes/AulasComunes1/Polished_Concrete_Old.mat using Guid(aae6eb2735e86044299c9a2c3a2d18fe) Importer(815301076,1909f56bfc062723c751e8b465ee728b)  -> (artifact id: '983d7b03470ef53ec43f0cde66a597e7') in 0.008325 seconds 
========================================================================
Received Import Request.
  Time since last request: 30.428903 seconds.
  path: Assets/Scenes/AulasComunes1.fbx
  artifactKey: Guid(f5bb2c521c109ca4ba9517b91c47a1a0) Importer(815301076,1909f56bfc062723c751e8b465ee728b)
Start importing Assets/Scenes/AulasComunes1.fbx using Guid(f5bb2c521c109ca4ba9517b91c47a1a0) Importer(815301076,1909f56bfc062723c751e8b465ee728b)  -> (artifact id: '3cbfa95ee2330a839d2b15dda25d8ebf') in 0.203360 seconds 
========================================================================
Received Import Request.
  Time since last request: 102.028721 seconds.
  path: Assets/Scenes/AulasComunes1.fbx
  artifactKey: Guid(f5bb2c521c109ca4ba9517b91c47a1a0) Importer(815301076,1909f56bfc062723c751e8b465ee728b)
Start importing Assets/Scenes/AulasComunes1.fbx using Guid(f5bb2c521c109ca4ba9517b91c47a1a0) Importer(815301076,1909f56bfc062723c751e8b465ee728b)  -> (artifact id: '0cc89a64db7d19e5b8081057197566cb') in 0.254339 seconds 
========================================================================
Received Import Request.
  Time since last request: 118.520973 seconds.
  path: Assets/Scenes/AulasComunes1.fbx
  artifactKey: Guid(f5bb2c521c109ca4ba9517b91c47a1a0) Importer(815301076,1909f56bfc062723c751e8b465ee728b)
Start importing Assets/Scenes/AulasComunes1.fbx using Guid(f5bb2c521c109ca4ba9517b91c47a1a0) Importer(815301076,1909f56bfc062723c751e8b465ee728b)  -> (artifact id: '4aa3522cfa96548ede74264ac45081e4') in 0.258812 seconds 
========================================================================
Received Import Request.
  Time since last request: 771.373441 seconds.
  path: Assets/Scenes/AulasComunes1.fbx
  artifactKey: Guid(f5bb2c521c109ca4ba9517b91c47a1a0) Importer(815301076,1909f56bfc062723c751e8b465ee728b)
Start importing Assets/Scenes/AulasComunes1.fbx using Guid(f5bb2c521c109ca4ba9517b91c47a1a0) Importer(815301076,1909f56bfc062723c751e8b465ee728b)  -> (artifact id: '90359401f71e21c7b4e561b624cde819') in 0.273216 seconds 
========================================================================
Received Import Request.
  Time since last request: 0.000224 seconds.
  path: Assets/Scenes/PROYECTO_Campus_Virtual.fbx
  artifactKey: Guid(40e70053fdb6e864394ec7f52387b8c3) Importer(815301076,1909f56bfc062723c751e8b465ee728b)
Start importing Assets/Scenes/PROYECTO_Campus_Virtual.fbx using Guid(40e70053fdb6e864394ec7f52387b8c3) Importer(815301076,1909f56bfc062723c751e8b465ee728b)  -> (artifact id: '8f82da4a2cc98980b5ce03e758faf102') in 0.925016 seconds 
========================================================================
Received Import Request.
  Time since last request: 0.000229 seconds.
  path: Assets/Scenes/Comedor.fbx
  artifactKey: Guid(13b714d5b5ab0a945aa7165a778fab6e) Importer(815301076,1909f56bfc062723c751e8b465ee728b)
Start importing Assets/Scenes/Comedor.fbx using Guid(13b714d5b5ab0a945aa7165a778fab6e) Importer(815301076,1909f56bfc062723c751e8b465ee728b)  -> (artifact id: '4d6b18becb4c6bec636b54d736d7bbee') in 0.129321 seconds 
========================================================================
Received Import Request.
  Time since last request: 28.596049 seconds.
  path: Assets/Scenes/AulasComunes1.fbx
  artifactKey: Guid(f5bb2c521c109ca4ba9517b91c47a1a0) Importer(815301076,1909f56bfc062723c751e8b465ee728b)
Start importing Assets/Scenes/AulasComunes1.fbx using Guid(f5bb2c521c109ca4ba9517b91c47a1a0) Importer(815301076,1909f56bfc062723c751e8b465ee728b)  -> (artifact id: '137712b57db4baa7e19ba984e8506871') in 0.261290 seconds 
========================================================================
Received Import Request.
  Time since last request: 154.920144 seconds.
  path: Assets/Scenes/Campus_Virtual-Exactas
  artifactKey: Guid(10814416db17be54db5ee7d0a996d16f) Importer(815301076,1909f56bfc062723c751e8b465ee728b)
Start importing Assets/Scenes/Campus_Virtual-Exactas using Guid(10814416db17be54db5ee7d0a996d16f) Importer(815301076,1909f56bfc062723c751e8b465ee728b)  -> (artifact id: '12d20401d898071849c0eb00669ed3b1') in 0.008332 seconds 
========================================================================
Received Import Request.
  Time since last request: 2.106455 seconds.
  path: Assets/Scenes/PROYECTO_Campus_Virtual
  artifactKey: Guid(6c710909a35b73549b3858b9e2c965b8) Importer(815301076,1909f56bfc062723c751e8b465ee728b)
Start importing Assets/Scenes/PROYECTO_Campus_Virtual using Guid(6c710909a35b73549b3858b9e2c965b8) Importer(815301076,1909f56bfc062723c751e8b465ee728b)  -> (artifact id: '4ffcef2460d5f718a3fa99953125c9ad') in 0.002504 seconds 
========================================================================
Received Import Request.
  Time since last request: 72.064177 seconds.
  path: Assets/Scenes/PROYECTO_Campus_Virtual.fbx
  artifactKey: Guid(40e70053fdb6e864394ec7f52387b8c3) Importer(815301076,1909f56bfc062723c751e8b465ee728b)
Start importing Assets/Scenes/PROYECTO_Campus_Virtual.fbx using Guid(40e70053fdb6e864394ec7f52387b8c3) Importer(815301076,1909f56bfc062723c751e8b465ee728b)  -> (artifact id: 'cf02d0f8f9a9b077bdc9e0aa509b8fd9') in 0.627723 seconds 
========================================================================
Received Import Request.
  Time since last request: 12.426947 seconds.
  path: Assets/Scenes/PROYECTO_Campus_Virtual.fbx
  artifactKey: Guid(40e70053fdb6e864394ec7f52387b8c3) Importer(815301076,1909f56bfc062723c751e8b465ee728b)
Start importing Assets/Scenes/PROYECTO_Campus_Virtual.fbx using Guid(40e70053fdb6e864394ec7f52387b8c3) Importer(815301076,1909f56bfc062723c751e8b465ee728b)  -> (artifact id: '8ecf880e591d7a598dbf4c2776a3b686') in 0.620572 seconds 
========================================================================
Received Import Request.
  Time since last request: 590.228547 seconds.
  path: Assets/Scenes/Comedor.fbx
  artifactKey: Guid(13b714d5b5ab0a945aa7165a778fab6e) Importer(815301076,1909f56bfc062723c751e8b465ee728b)
Start importing Assets/Scenes/Comedor.fbx using Guid(13b714d5b5ab0a945aa7165a778fab6e) Importer(815301076,1909f56bfc062723c751e8b465ee728b)  -> (artifact id: 'e7fd6767024d7342b125ed2798e31cb8') in 0.129042 seconds 
========================================================================
Received Import Request.
  Time since last request: 369.708264 seconds.
  path: Assets/Scenes/V2_Solo_Biblioteca_Reformed_3d (1).fbx
  artifactKey: Guid(ef2decd892fc0de4e92e0ff0d054f837) Importer(815301076,1909f56bfc062723c751e8b465ee728b)
Start importing Assets/Scenes/V2_Solo_Biblioteca_Reformed_3d (1).fbx using Guid(ef2decd892fc0de4e92e0ff0d054f837) Importer(815301076,1909f56bfc062723c751e8b465ee728b)  -> (artifact id: '327094f569fe7d099db1dc1ffc5431a0') in 0.748694 seconds 
========================================================================
Received Import Request.
  Time since last request: 27.351465 seconds.
  path: Assets/Scenes/V2_Solo_Biblioteca_Reformed_3d (1).fbx
  artifactKey: Guid(ef2decd892fc0de4e92e0ff0d054f837) Importer(815301076,1909f56bfc062723c751e8b465ee728b)
Start importing Assets/Scenes/V2_Solo_Biblioteca_Reformed_3d (1).fbx using Guid(ef2decd892fc0de4e92e0ff0d054f837) Importer(815301076,1909f56bfc062723c751e8b465ee728b)  -> (artifact id: '38d35cd1fcfde758f39aa0bdf04ce3b2') in 0.739157 seconds 
========================================================================
Received Prepare
Registering precompiled user dll's ...
Registered in 0.003297 seconds.
Begin MonoManager ReloadAssembly
Native extension for WindowsStandalone target not found
Refreshing native plugins compatible for Editor in 0.37 ms, found 2 plugins.
Preloading 0 native plugins for Editor in 0.00 ms.
Mono: successfully reloaded assembly
- Completed reload, in  0.951 seconds
Domain Reload Profiling:
	ReloadAssembly (952ms)
		BeginReloadAssembly (138ms)
			ExecutionOrderSort (0ms)
			DisableScriptedObjects (4ms)
			BackupInstance (0ms)
			ReleaseScriptingObjects (0ms)
			CreateAndSetChildDomain (43ms)
		EndReloadAssembly (750ms)
			LoadAssemblies (100ms)
			RebuildTransferFunctionScriptingTraits (0ms)
			SetupTypeCache (267ms)
			ReleaseScriptCaches (1ms)
			RebuildScriptCaches (41ms)
			SetupLoadedEditorAssemblies (275ms)
				LogAssemblyErrors (0ms)
				InitializePlatformSupportModulesInManaged (4ms)
				SetLoadedEditorAssemblies (0ms)
				RefreshPlugins (0ms)
				BeforeProcessingInitializeOnLoad (53ms)
				ProcessInitializeOnLoadAttributes (195ms)
				ProcessInitializeOnLoadMethodAttributes (14ms)
				AfterProcessingInitializeOnLoad (7ms)
				EditorAssembliesLoaded (0ms)
			ExecutionOrderSort2 (0ms)
			AwakeInstancesAfterBackupRestoration (2ms)
Platform modules already initialized, skipping
Refreshing native plugins compatible for Editor in 0.49 ms, found 2 plugins.
Preloading 0 native plugins for Editor in 0.00 ms.
Unloading 1671 Unused Serialized files (Serialized files now loaded: 0)
System memory in use before: 85.8 MB.
System memory in use after: 85.9 MB.

Unloading 12 unused Assets to reduce memory usage. Loaded Objects now: 2164.
Total: 2.889700 ms (FindLiveObjects: 0.193500 ms CreateObjectMapping: 0.038500 ms MarkObjects: 2.634200 ms  DeleteObjects: 0.022700 ms)

AssetImportParameters requested are different than current active one (requested -> active):
  custom:framework-win-MediaFoundation: 216162199b28c13a410421893ffa2e32 -> 
  custom:video-decoder-ogg-theora: a1e56fd34408186e4bbccfd4996cb3dc -> 
  custom:container-muxer-webm: aa71ff27fc2769a1b78a27578f13a17b -> 
  custom:container-demuxer-webm: 4f35f7cbe854078d1ac9338744f61a02 -> 
  custom:container-demuxer-ogg: 62fdf1f143b41e24485cea50d1cbac27 -> 
  custom:video-encoder-webm-vp8: eb34c28f22e8b96e1ab97ce403110664 -> 
  custom:video-decoder-webm-vp8: 9c59270c3fd7afecdb556c50c9e8de78 -> 
  custom:audio-decoder-ogg-vorbis: bf7c407c2cedff20999df2af8eb42d56 -> 
  custom:audio-encoder-webm-vorbis: bf7c407c2cedff20999df2af8eb42d56 -> 
========================================================================
Received Prepare
Registering precompiled user dll's ...
Registered in 0.004119 seconds.
Begin MonoManager ReloadAssembly
Native extension for WindowsStandalone target not found
Refreshing native plugins compatible for Editor in 0.44 ms, found 2 plugins.
Preloading 0 native plugins for Editor in 0.00 ms.
Mono: successfully reloaded assembly
- Completed reload, in  0.920 seconds
Domain Reload Profiling:
	ReloadAssembly (920ms)
		BeginReloadAssembly (118ms)
			ExecutionOrderSort (0ms)
			DisableScriptedObjects (4ms)
			BackupInstance (0ms)
			ReleaseScriptingObjects (0ms)
			CreateAndSetChildDomain (35ms)
		EndReloadAssembly (740ms)
			LoadAssemblies (94ms)
			RebuildTransferFunctionScriptingTraits (0ms)
			SetupTypeCache (261ms)
			ReleaseScriptCaches (1ms)
			RebuildScriptCaches (41ms)
			SetupLoadedEditorAssemblies (272ms)
				LogAssemblyErrors (0ms)
				InitializePlatformSupportModulesInManaged (4ms)
				SetLoadedEditorAssemblies (0ms)
				RefreshPlugins (1ms)
				BeforeProcessingInitializeOnLoad (51ms)
				ProcessInitializeOnLoadAttributes (196ms)
				ProcessInitializeOnLoadMethodAttributes (13ms)
				AfterProcessingInitializeOnLoad (7ms)
				EditorAssembliesLoaded (0ms)
			ExecutionOrderSort2 (0ms)
			AwakeInstancesAfterBackupRestoration (2ms)
Platform modules already initialized, skipping
Refreshing native plugins compatible for Editor in 0.41 ms, found 2 plugins.
Preloading 0 native plugins for Editor in 0.00 ms.
Unloading 1671 Unused Serialized files (Serialized files now loaded: 0)
System memory in use before: 85.8 MB.
System memory in use after: 85.9 MB.

Unloading 12 unused Assets to reduce memory usage. Loaded Objects now: 2167.
Total: 3.368600 ms (FindLiveObjects: 0.167000 ms CreateObjectMapping: 0.039200 ms MarkObjects: 3.129600 ms  DeleteObjects: 0.031500 ms)

AssetImportParameters requested are different than current active one (requested -> active):
  custom:framework-win-MediaFoundation: 216162199b28c13a410421893ffa2e32 -> 
  custom:video-decoder-ogg-theora: a1e56fd34408186e4bbccfd4996cb3dc -> 
  custom:container-muxer-webm: aa71ff27fc2769a1b78a27578f13a17b -> 
  custom:container-demuxer-webm: 4f35f7cbe854078d1ac9338744f61a02 -> 
  custom:container-demuxer-ogg: 62fdf1f143b41e24485cea50d1cbac27 -> 
  custom:video-encoder-webm-vp8: eb34c28f22e8b96e1ab97ce403110664 -> 
  custom:video-decoder-webm-vp8: 9c59270c3fd7afecdb556c50c9e8de78 -> 
  custom:audio-decoder-ogg-vorbis: bf7c407c2cedff20999df2af8eb42d56 -> 
  custom:audio-encoder-webm-vorbis: bf7c407c2cedff20999df2af8eb42d56 -> 
========================================================================
Received Prepare
Registering precompiled user dll's ...
Registered in 0.003897 seconds.
Begin MonoManager ReloadAssembly
Native extension for WindowsStandalone target not found
Refreshing native plugins compatible for Editor in 0.44 ms, found 2 plugins.
Preloading 0 native plugins for Editor in 0.00 ms.
Mono: successfully reloaded assembly
- Completed reload, in  0.910 seconds
Domain Reload Profiling:
	ReloadAssembly (911ms)
		BeginReloadAssembly (117ms)
			ExecutionOrderSort (0ms)
			DisableScriptedObjects (4ms)
			BackupInstance (0ms)
			ReleaseScriptingObjects (0ms)
			CreateAndSetChildDomain (33ms)
		EndReloadAssembly (732ms)
			LoadAssemblies (96ms)
			RebuildTransferFunctionScriptingTraits (0ms)
			SetupTypeCache (255ms)
			ReleaseScriptCaches (1ms)
			RebuildScriptCaches (41ms)
			SetupLoadedEditorAssemblies (271ms)
				LogAssemblyErrors (0ms)
				InitializePlatformSupportModulesInManaged (4ms)
				SetLoadedEditorAssemblies (0ms)
				RefreshPlugins (1ms)
				BeforeProcessingInitializeOnLoad (51ms)
				ProcessInitializeOnLoadAttributes (194ms)
				ProcessInitializeOnLoadMethodAttributes (14ms)
				AfterProcessingInitializeOnLoad (7ms)
				EditorAssembliesLoaded (0ms)
			ExecutionOrderSort2 (0ms)
			AwakeInstancesAfterBackupRestoration (2ms)
Platform modules already initialized, skipping
Refreshing native plugins compatible for Editor in 0.41 ms, found 2 plugins.
Preloading 0 native plugins for Editor in 0.00 ms.
Unloading 1671 Unused Serialized files (Serialized files now loaded: 0)
System memory in use before: 85.9 MB.
System memory in use after: 86.0 MB.

Unloading 12 unused Assets to reduce memory usage. Loaded Objects now: 2170.
Total: 2.862300 ms (FindLiveObjects: 0.198200 ms CreateObjectMapping: 0.038700 ms MarkObjects: 2.603800 ms  DeleteObjects: 0.020300 ms)

AssetImportParameters requested are different than current active one (requested -> active):
  custom:framework-win-MediaFoundation: 216162199b28c13a410421893ffa2e32 -> 
  custom:video-decoder-ogg-theora: a1e56fd34408186e4bbccfd4996cb3dc -> 
  custom:container-muxer-webm: aa71ff27fc2769a1b78a27578f13a17b -> 
  custom:container-demuxer-webm: 4f35f7cbe854078d1ac9338744f61a02 -> 
  custom:container-demuxer-ogg: 62fdf1f143b41e24485cea50d1cbac27 -> 
  custom:video-encoder-webm-vp8: eb34c28f22e8b96e1ab97ce403110664 -> 
  custom:video-decoder-webm-vp8: 9c59270c3fd7afecdb556c50c9e8de78 -> 
  custom:audio-decoder-ogg-vorbis: bf7c407c2cedff20999df2af8eb42d56 -> 
  custom:audio-encoder-webm-vorbis: bf7c407c2cedff20999df2af8eb42d56 -> 
========================================================================
Received Prepare
Registering precompiled user dll's ...
Registered in 0.002706 seconds.
Begin MonoManager ReloadAssembly
Native extension for WindowsStandalone target not found
Refreshing native plugins compatible for Editor in 0.36 ms, found 2 plugins.
Preloading 0 native plugins for Editor in 0.00 ms.
Mono: successfully reloaded assembly
- Completed reload, in  0.807 seconds
Domain Reload Profiling:
	ReloadAssembly (807ms)
		BeginReloadAssembly (101ms)
			ExecutionOrderSort (0ms)
			DisableScriptedObjects (4ms)
			BackupInstance (0ms)
			ReleaseScriptingObjects (0ms)
			CreateAndSetChildDomain (26ms)
		EndReloadAssembly (651ms)
			LoadAssemblies (86ms)
			RebuildTransferFunctionScriptingTraits (0ms)
			SetupTypeCache (219ms)
			ReleaseScriptCaches (1ms)
			RebuildScriptCaches (35ms)
			SetupLoadedEditorAssemblies (249ms)
				LogAssemblyErrors (0ms)
				InitializePlatformSupportModulesInManaged (4ms)
				SetLoadedEditorAssemblies (0ms)
				RefreshPlugins (0ms)
				BeforeProcessingInitializeOnLoad (44ms)
				ProcessInitializeOnLoadAttributes (180ms)
				ProcessInitializeOnLoadMethodAttributes (12ms)
				AfterProcessingInitializeOnLoad (7ms)
				EditorAssembliesLoaded (0ms)
			ExecutionOrderSort2 (0ms)
			AwakeInstancesAfterBackupRestoration (2ms)
Platform modules already initialized, skipping
Refreshing native plugins compatible for Editor in 0.59 ms, found 2 plugins.
Preloading 0 native plugins for Editor in 0.00 ms.
Unloading 1671 Unused Serialized files (Serialized files now loaded: 0)
System memory in use before: 85.9 MB.
System memory in use after: 86.0 MB.

Unloading 12 unused Assets to reduce memory usage. Loaded Objects now: 2173.
Total: 3.020900 ms (FindLiveObjects: 0.159400 ms CreateObjectMapping: 0.039800 ms MarkObjects: 2.800200 ms  DeleteObjects: 0.020500 ms)

AssetImportParameters requested are different than current active one (requested -> active):
  custom:framework-win-MediaFoundation: 216162199b28c13a410421893ffa2e32 -> 
  custom:video-decoder-ogg-theora: a1e56fd34408186e4bbccfd4996cb3dc -> 
  custom:container-muxer-webm: aa71ff27fc2769a1b78a27578f13a17b -> 
  custom:container-demuxer-webm: 4f35f7cbe854078d1ac9338744f61a02 -> 
  custom:container-demuxer-ogg: 62fdf1f143b41e24485cea50d1cbac27 -> 
  custom:video-encoder-webm-vp8: eb34c28f22e8b96e1ab97ce403110664 -> 
  custom:video-decoder-webm-vp8: 9c59270c3fd7afecdb556c50c9e8de78 -> 
  custom:audio-decoder-ogg-vorbis: bf7c407c2cedff20999df2af8eb42d56 -> 
  custom:audio-encoder-webm-vorbis: bf7c407c2cedff20999df2af8eb42d56 -> 
========================================================================
Received Prepare
Registering precompiled user dll's ...
Registered in 0.003622 seconds.
Begin MonoManager ReloadAssembly
Native extension for WindowsStandalone target not found
Refreshing native plugins compatible for Editor in 0.54 ms, found 2 plugins.
Preloading 0 native plugins for Editor in 0.00 ms.
Mono: successfully reloaded assembly
- Completed reload, in  0.915 seconds
Domain Reload Profiling:
	ReloadAssembly (916ms)
		BeginReloadAssembly (113ms)
			ExecutionOrderSort (0ms)
			DisableScriptedObjects (4ms)
			BackupInstance (0ms)
			ReleaseScriptingObjects (0ms)
			CreateAndSetChildDomain (31ms)
		EndReloadAssembly (741ms)
			LoadAssemblies (94ms)
			RebuildTransferFunctionScriptingTraits (0ms)
			SetupTypeCache (255ms)
			ReleaseScriptCaches (1ms)
			RebuildScriptCaches (42ms)
			SetupLoadedEditorAssemblies (274ms)
				LogAssemblyErrors (0ms)
				InitializePlatformSupportModulesInManaged (4ms)
				SetLoadedEditorAssemblies (0ms)
				RefreshPlugins (1ms)
				BeforeProcessingInitializeOnLoad (51ms)
				ProcessInitializeOnLoadAttributes (196ms)
				ProcessInitializeOnLoadMethodAttributes (14ms)
				AfterProcessingInitializeOnLoad (7ms)
				EditorAssembliesLoaded (0ms)
			ExecutionOrderSort2 (0ms)
			AwakeInstancesAfterBackupRestoration (2ms)
Platform modules already initialized, skipping
Refreshing native plugins compatible for Editor in 0.47 ms, found 2 plugins.
Preloading 0 native plugins for Editor in 0.00 ms.
Unloading 1671 Unused Serialized files (Serialized files now loaded: 0)
System memory in use before: 85.9 MB.
System memory in use after: 86.0 MB.

Unloading 12 unused Assets to reduce memory usage. Loaded Objects now: 2176.
Total: 2.955800 ms (FindLiveObjects: 0.180500 ms CreateObjectMapping: 0.041600 ms MarkObjects: 2.705400 ms  DeleteObjects: 0.027200 ms)

AssetImportParameters requested are different than current active one (requested -> active):
  custom:framework-win-MediaFoundation: 216162199b28c13a410421893ffa2e32 -> 
  custom:video-decoder-ogg-theora: a1e56fd34408186e4bbccfd4996cb3dc -> 
  custom:container-muxer-webm: aa71ff27fc2769a1b78a27578f13a17b -> 
  custom:container-demuxer-webm: 4f35f7cbe854078d1ac9338744f61a02 -> 
  custom:container-demuxer-ogg: 62fdf1f143b41e24485cea50d1cbac27 -> 
  custom:video-encoder-webm-vp8: eb34c28f22e8b96e1ab97ce403110664 -> 
  custom:video-decoder-webm-vp8: 9c59270c3fd7afecdb556c50c9e8de78 -> 
  custom:audio-decoder-ogg-vorbis: bf7c407c2cedff20999df2af8eb42d56 -> 
  custom:audio-encoder-webm-vorbis: bf7c407c2cedff20999df2af8eb42d56 -> 
========================================================================
Received Prepare
Registering precompiled user dll's ...
Registered in 0.002807 seconds.
Begin MonoManager ReloadAssembly
Native extension for WindowsStandalone target not found
Refreshing native plugins compatible for Editor in 0.39 ms, found 2 plugins.
Preloading 0 native plugins for Editor in 0.00 ms.
Mono: successfully reloaded assembly
- Completed reload, in  0.840 seconds
Domain Reload Profiling:
	ReloadAssembly (841ms)
		BeginReloadAssembly (106ms)
			ExecutionOrderSort (0ms)
			DisableScriptedObjects (4ms)
			BackupInstance (0ms)
			ReleaseScriptingObjects (0ms)
			CreateAndSetChildDomain (27ms)
		EndReloadAssembly (676ms)
			LoadAssemblies (87ms)
			RebuildTransferFunctionScriptingTraits (0ms)
			SetupTypeCache (239ms)
			ReleaseScriptCaches (1ms)
			RebuildScriptCaches (35ms)
			SetupLoadedEditorAssemblies (251ms)
				LogAssemblyErrors (0ms)
				InitializePlatformSupportModulesInManaged (4ms)
				SetLoadedEditorAssemblies (0ms)
				RefreshPlugins (0ms)
				BeforeProcessingInitializeOnLoad (46ms)
				ProcessInitializeOnLoadAttributes (180ms)
				ProcessInitializeOnLoadMethodAttributes (13ms)
				AfterProcessingInitializeOnLoad (7ms)
				EditorAssembliesLoaded (0ms)
			ExecutionOrderSort2 (0ms)
			AwakeInstancesAfterBackupRestoration (2ms)
Platform modules already initialized, skipping
Refreshing native plugins compatible for Editor in 0.35 ms, found 2 plugins.
Preloading 0 native plugins for Editor in 0.00 ms.
Unloading 1671 Unused Serialized files (Serialized files now loaded: 0)
System memory in use before: 85.9 MB.
System memory in use after: 86.0 MB.

Unloading 12 unused Assets to reduce memory usage. Loaded Objects now: 2179.
Total: 2.542200 ms (FindLiveObjects: 0.150100 ms CreateObjectMapping: 0.038300 ms MarkObjects: 2.330300 ms  DeleteObjects: 0.022700 ms)

AssetImportParameters requested are different than current active one (requested -> active):
  custom:framework-win-MediaFoundation: 216162199b28c13a410421893ffa2e32 -> 
  custom:video-decoder-ogg-theora: a1e56fd34408186e4bbccfd4996cb3dc -> 
  custom:container-muxer-webm: aa71ff27fc2769a1b78a27578f13a17b -> 
  custom:container-demuxer-webm: 4f35f7cbe854078d1ac9338744f61a02 -> 
  custom:container-demuxer-ogg: 62fdf1f143b41e24485cea50d1cbac27 -> 
  custom:video-encoder-webm-vp8: eb34c28f22e8b96e1ab97ce403110664 -> 
  custom:video-decoder-webm-vp8: 9c59270c3fd7afecdb556c50c9e8de78 -> 
  custom:audio-decoder-ogg-vorbis: bf7c407c2cedff20999df2af8eb42d56 -> 
  custom:audio-encoder-webm-vorbis: bf7c407c2cedff20999df2af8eb42d56 -> 
========================================================================
Received Import Request.
  Time since last request: 2325.947696 seconds.
  path: Assets/Scenes/SampleScene.unity
  artifactKey: Guid(9fc0d4010bbf28b4594072e72b8655ab) Importer(815301076,1909f56bfc062723c751e8b465ee728b)
Start importing Assets/Scenes/SampleScene.unity using Guid(9fc0d4010bbf28b4594072e72b8655ab) Importer(815301076,1909f56bfc062723c751e8b465ee728b)  -> (artifact id: '63e8b132f235c096437f66f113fcc762') in 0.012696 seconds 
========================================================================
Received Prepare
Registering precompiled user dll's ...
Registered in 0.002918 seconds.
Begin MonoManager ReloadAssembly
Native extension for WindowsStandalone target not found
Refreshing native plugins compatible for Editor in 0.39 ms, found 2 plugins.
Preloading 0 native plugins for Editor in 0.00 ms.
Mono: successfully reloaded assembly
- Completed reload, in  0.818 seconds
Domain Reload Profiling:
	ReloadAssembly (818ms)
		BeginReloadAssembly (107ms)
			ExecutionOrderSort (0ms)
			DisableScriptedObjects (4ms)
			BackupInstance (0ms)
			ReleaseScriptingObjects (0ms)
			CreateAndSetChildDomain (30ms)
		EndReloadAssembly (655ms)
			LoadAssemblies (87ms)
			RebuildTransferFunctionScriptingTraits (0ms)
			SetupTypeCache (227ms)
			ReleaseScriptCaches (1ms)
			RebuildScriptCaches (36ms)
			SetupLoadedEditorAssemblies (242ms)
				LogAssemblyErrors (0ms)
				InitializePlatformSupportModulesInManaged (4ms)
				SetLoadedEditorAssemblies (0ms)
				RefreshPlugins (0ms)
				BeforeProcessingInitializeOnLoad (47ms)
				ProcessInitializeOnLoadAttributes (172ms)
				ProcessInitializeOnLoadMethodAttributes (12ms)
				AfterProcessingInitializeOnLoad (7ms)
				EditorAssembliesLoaded (0ms)
			ExecutionOrderSort2 (0ms)
			AwakeInstancesAfterBackupRestoration (2ms)
Platform modules already initialized, skipping
Refreshing native plugins compatible for Editor in 0.46 ms, found 2 plugins.
Preloading 0 native plugins for Editor in 0.00 ms.
Unloading 1671 Unused Serialized files (Serialized files now loaded: 0)
System memory in use before: 85.9 MB.
System memory in use after: 86.0 MB.

Unloading 12 unused Assets to reduce memory usage. Loaded Objects now: 2182.
Total: 2.499900 ms (FindLiveObjects: 0.162100 ms CreateObjectMapping: 0.037200 ms MarkObjects: 2.281300 ms  DeleteObjects: 0.018100 ms)

AssetImportParameters requested are different than current active one (requested -> active):
  custom:framework-win-MediaFoundation: 216162199b28c13a410421893ffa2e32 -> 
  custom:video-decoder-ogg-theora: a1e56fd34408186e4bbccfd4996cb3dc -> 
  custom:container-muxer-webm: aa71ff27fc2769a1b78a27578f13a17b -> 
  custom:container-demuxer-webm: 4f35f7cbe854078d1ac9338744f61a02 -> 
  custom:container-demuxer-ogg: 62fdf1f143b41e24485cea50d1cbac27 -> 
  custom:video-encoder-webm-vp8: eb34c28f22e8b96e1ab97ce403110664 -> 
  custom:video-decoder-webm-vp8: 9c59270c3fd7afecdb556c50c9e8de78 -> 
  custom:audio-decoder-ogg-vorbis: bf7c407c2cedff20999df2af8eb42d56 -> 
  custom:audio-encoder-webm-vorbis: bf7c407c2cedff20999df2af8eb42d56 -> 
========================================================================
Received Import Request.
  Time since last request: 200.402408 seconds.
  path: Assets/Scenes/SampleScene.unity
  artifactKey: Guid(9fc0d4010bbf28b4594072e72b8655ab) Importer(815301076,1909f56bfc062723c751e8b465ee728b)
Start importing Assets/Scenes/SampleScene.unity using Guid(9fc0d4010bbf28b4594072e72b8655ab) Importer(815301076,1909f56bfc062723c751e8b465ee728b)  -> (artifact id: 'e126655efcb6813c9d5c812b028dd5ff') in 0.010179 seconds 
========================================================================
Received Prepare
Registering precompiled user dll's ...
Registered in 0.002794 seconds.
Begin MonoManager ReloadAssembly
Native extension for WindowsStandalone target not found
Refreshing native plugins compatible for Editor in 0.65 ms, found 2 plugins.
Preloading 0 native plugins for Editor in 0.00 ms.
Mono: successfully reloaded assembly
- Completed reload, in  0.844 seconds
Domain Reload Profiling:
	ReloadAssembly (844ms)
		BeginReloadAssembly (107ms)
			ExecutionOrderSort (0ms)
			DisableScriptedObjects (4ms)
			BackupInstance (0ms)
			ReleaseScriptingObjects (0ms)
			CreateAndSetChildDomain (28ms)
		EndReloadAssembly (678ms)
			LoadAssemblies (86ms)
			RebuildTransferFunctionScriptingTraits (0ms)
			SetupTypeCache (248ms)
			ReleaseScriptCaches (1ms)
			RebuildScriptCaches (36ms)
			SetupLoadedEditorAssemblies (245ms)
				LogAssemblyErrors (0ms)
				InitializePlatformSupportModulesInManaged (4ms)
				SetLoadedEditorAssemblies (0ms)
				RefreshPlugins (1ms)
				BeforeProcessingInitializeOnLoad (48ms)
				ProcessInitializeOnLoadAttributes (172ms)
				ProcessInitializeOnLoadMethodAttributes (13ms)
				AfterProcessingInitializeOnLoad (7ms)
				EditorAssembliesLoaded (0ms)
			ExecutionOrderSort2 (0ms)
			AwakeInstancesAfterBackupRestoration (2ms)
Platform modules already initialized, skipping
Refreshing native plugins compatible for Editor in 0.37 ms, found 2 plugins.
Preloading 0 native plugins for Editor in 0.00 ms.
Unloading 1671 Unused Serialized files (Serialized files now loaded: 0)
System memory in use before: 85.9 MB.
System memory in use after: 86.0 MB.

Unloading 12 unused Assets to reduce memory usage. Loaded Objects now: 2185.
Total: 2.959500 ms (FindLiveObjects: 0.154300 ms CreateObjectMapping: 0.039600 ms MarkObjects: 2.735800 ms  DeleteObjects: 0.028000 ms)

AssetImportParameters requested are different than current active one (requested -> active):
  custom:framework-win-MediaFoundation: 216162199b28c13a410421893ffa2e32 -> 
  custom:video-decoder-ogg-theora: a1e56fd34408186e4bbccfd4996cb3dc -> 
  custom:container-muxer-webm: aa71ff27fc2769a1b78a27578f13a17b -> 
  custom:container-demuxer-webm: 4f35f7cbe854078d1ac9338744f61a02 -> 
  custom:container-demuxer-ogg: 62fdf1f143b41e24485cea50d1cbac27 -> 
  custom:video-encoder-webm-vp8: eb34c28f22e8b96e1ab97ce403110664 -> 
  custom:video-decoder-webm-vp8: 9c59270c3fd7afecdb556c50c9e8de78 -> 
  custom:audio-decoder-ogg-vorbis: bf7c407c2cedff20999df2af8eb42d56 -> 
  custom:audio-encoder-webm-vorbis: bf7c407c2cedff20999df2af8eb42d56 -> 
========================================================================
Received Prepare
Registering precompiled user dll's ...
Registered in 0.003545 seconds.
Begin MonoManager ReloadAssembly
Native extension for WindowsStandalone target not found
Refreshing native plugins compatible for Editor in 0.48 ms, found 2 plugins.
Preloading 0 native plugins for Editor in 0.00 ms.
Mono: successfully reloaded assembly
- Completed reload, in  0.936 seconds
Domain Reload Profiling:
	ReloadAssembly (936ms)
		BeginReloadAssembly (127ms)
			ExecutionOrderSort (0ms)
			DisableScriptedObjects (4ms)
			BackupInstance (0ms)
			ReleaseScriptingObjects (0ms)
			CreateAndSetChildDomain (35ms)
		EndReloadAssembly (744ms)
			LoadAssemblies (101ms)
			RebuildTransferFunctionScriptingTraits (0ms)
			SetupTypeCache (260ms)
			ReleaseScriptCaches (1ms)
			RebuildScriptCaches (40ms)
			SetupLoadedEditorAssemblies (275ms)
				LogAssemblyErrors (0ms)
				InitializePlatformSupportModulesInManaged (4ms)
				SetLoadedEditorAssemblies (0ms)
				RefreshPlugins (1ms)
				BeforeProcessingInitializeOnLoad (53ms)
				ProcessInitializeOnLoadAttributes (195ms)
				ProcessInitializeOnLoadMethodAttributes (13ms)
				AfterProcessingInitializeOnLoad (7ms)
				EditorAssembliesLoaded (0ms)
			ExecutionOrderSort2 (0ms)
			AwakeInstancesAfterBackupRestoration (2ms)
Platform modules already initialized, skipping
Refreshing native plugins compatible for Editor in 0.43 ms, found 2 plugins.
Preloading 0 native plugins for Editor in 0.00 ms.
Unloading 1671 Unused Serialized files (Serialized files now loaded: 0)
System memory in use before: 85.9 MB.
System memory in use after: 86.0 MB.

Unloading 12 unused Assets to reduce memory usage. Loaded Objects now: 2188.
Total: 3.036200 ms (FindLiveObjects: 0.216800 ms CreateObjectMapping: 0.039900 ms MarkObjects: 2.756000 ms  DeleteObjects: 0.022400 ms)

AssetImportParameters requested are different than current active one (requested -> active):
  custom:framework-win-MediaFoundation: 216162199b28c13a410421893ffa2e32 -> 
  custom:video-decoder-ogg-theora: a1e56fd34408186e4bbccfd4996cb3dc -> 
  custom:container-muxer-webm: aa71ff27fc2769a1b78a27578f13a17b -> 
  custom:container-demuxer-webm: 4f35f7cbe854078d1ac9338744f61a02 -> 
  custom:container-demuxer-ogg: 62fdf1f143b41e24485cea50d1cbac27 -> 
  custom:video-encoder-webm-vp8: eb34c28f22e8b96e1ab97ce403110664 -> 
  custom:video-decoder-webm-vp8: 9c59270c3fd7afecdb556c50c9e8de78 -> 
  custom:audio-decoder-ogg-vorbis: bf7c407c2cedff20999df2af8eb42d56 -> 
  custom:audio-encoder-webm-vorbis: bf7c407c2cedff20999df2af8eb42d56 -> 
========================================================================
Received Prepare
Registering precompiled user dll's ...
Registered in 0.003022 seconds.
Begin MonoManager ReloadAssembly
Native extension for WindowsStandalone target not found
Refreshing native plugins compatible for Editor in 0.49 ms, found 2 plugins.
Preloading 0 native plugins for Editor in 0.00 ms.
Mono: successfully reloaded assembly
- Completed reload, in  1.014 seconds
Domain Reload Profiling:
	ReloadAssembly (1015ms)
		BeginReloadAssembly (129ms)
			ExecutionOrderSort (0ms)
			DisableScriptedObjects (4ms)
			BackupInstance (0ms)
			ReleaseScriptingObjects (0ms)
			CreateAndSetChildDomain (37ms)
		EndReloadAssembly (817ms)
			LoadAssemblies (103ms)
			RebuildTransferFunctionScriptingTraits (0ms)
			SetupTypeCache (304ms)
			ReleaseScriptCaches (1ms)
			RebuildScriptCaches (43ms)
			SetupLoadedEditorAssemblies (292ms)
				LogAssemblyErrors (0ms)
				InitializePlatformSupportModulesInManaged (4ms)
				SetLoadedEditorAssemblies (0ms)
				RefreshPlugins (1ms)
				BeforeProcessingInitializeOnLoad (59ms)
				ProcessInitializeOnLoadAttributes (206ms)
				ProcessInitializeOnLoadMethodAttributes (13ms)
				AfterProcessingInitializeOnLoad (7ms)
				EditorAssembliesLoaded (0ms)
			ExecutionOrderSort2 (0ms)
			AwakeInstancesAfterBackupRestoration (2ms)
Platform modules already initialized, skipping
Refreshing native plugins compatible for Editor in 0.43 ms, found 2 plugins.
Preloading 0 native plugins for Editor in 0.00 ms.
Unloading 1671 Unused Serialized files (Serialized files now loaded: 0)
System memory in use before: 85.9 MB.
System memory in use after: 86.0 MB.

Unloading 12 unused Assets to reduce memory usage. Loaded Objects now: 2191.
Total: 3.483300 ms (FindLiveObjects: 0.233100 ms CreateObjectMapping: 0.040800 ms MarkObjects: 3.180400 ms  DeleteObjects: 0.027900 ms)

AssetImportParameters requested are different than current active one (requested -> active):
  custom:framework-win-MediaFoundation: 216162199b28c13a410421893ffa2e32 -> 
  custom:video-decoder-ogg-theora: a1e56fd34408186e4bbccfd4996cb3dc -> 
  custom:container-muxer-webm: aa71ff27fc2769a1b78a27578f13a17b -> 
  custom:container-demuxer-webm: 4f35f7cbe854078d1ac9338744f61a02 -> 
  custom:container-demuxer-ogg: 62fdf1f143b41e24485cea50d1cbac27 -> 
  custom:video-encoder-webm-vp8: eb34c28f22e8b96e1ab97ce403110664 -> 
  custom:video-decoder-webm-vp8: 9c59270c3fd7afecdb556c50c9e8de78 -> 
  custom:audio-decoder-ogg-vorbis: bf7c407c2cedff20999df2af8eb42d56 -> 
  custom:audio-encoder-webm-vorbis: bf7c407c2cedff20999df2af8eb42d56 -> 
========================================================================
Received Import Request.
  Time since last request: 1552.909431 seconds.
  path: Assets/Scenes/JOTENSON.fbx
  artifactKey: Guid(747b26aae37f15c499acdcb28af17911) Importer(815301076,1909f56bfc062723c751e8b465ee728b)
Start importing Assets/Scenes/JOTENSON.fbx using Guid(747b26aae37f15c499acdcb28af17911) Importer(815301076,1909f56bfc062723c751e8b465ee728b)  -> (artifact id: '155adc878f4cc391ecc18822f09e8cc3') in 2.886243 seconds 
========================================================================
Received Import Request.
  Time since last request: 20.265149 seconds.
  path: Assets/Scenes/JOTENSON.fbx
  artifactKey: Guid(747b26aae37f15c499acdcb28af17911) Importer(815301076,1909f56bfc062723c751e8b465ee728b)
Start importing Assets/Scenes/JOTENSON.fbx using Guid(747b26aae37f15c499acdcb28af17911) Importer(815301076,1909f56bfc062723c751e8b465ee728b)  -> (artifact id: '959b2f63c517a53b0921ac6e9d77523b') in 2.745206 seconds 
========================================================================
Received Prepare
Registering precompiled user dll's ...
Registered in 0.003706 seconds.
Begin MonoManager ReloadAssembly
Native extension for WindowsStandalone target not found
Refreshing native plugins compatible for Editor in 0.53 ms, found 2 plugins.
Preloading 0 native plugins for Editor in 0.00 ms.
Mono: successfully reloaded assembly
- Completed reload, in  0.941 seconds
Domain Reload Profiling:
	ReloadAssembly (942ms)
		BeginReloadAssembly (121ms)
			ExecutionOrderSort (0ms)
			DisableScriptedObjects (4ms)
			BackupInstance (0ms)
			ReleaseScriptingObjects (0ms)
			CreateAndSetChildDomain (33ms)
		EndReloadAssembly (756ms)
			LoadAssemblies (98ms)
			RebuildTransferFunctionScriptingTraits (0ms)
			SetupTypeCache (270ms)
			ReleaseScriptCaches (1ms)
			RebuildScriptCaches (42ms)
			SetupLoadedEditorAssemblies (272ms)
				LogAssemblyErrors (0ms)
				InitializePlatformSupportModulesInManaged (5ms)
				SetLoadedEditorAssemblies (0ms)
				RefreshPlugins (1ms)
				BeforeProcessingInitializeOnLoad (53ms)
				ProcessInitializeOnLoadAttributes (192ms)
				ProcessInitializeOnLoadMethodAttributes (13ms)
				AfterProcessingInitializeOnLoad (8ms)
				EditorAssembliesLoaded (0ms)
			ExecutionOrderSort2 (0ms)
			AwakeInstancesAfterBackupRestoration (2ms)
Platform modules already initialized, skipping
Refreshing native plugins compatible for Editor in 0.48 ms, found 2 plugins.
Preloading 0 native plugins for Editor in 0.00 ms.
Unloading 1671 Unused Serialized files (Serialized files now loaded: 0)
System memory in use before: 86.7 MB.
System memory in use after: 86.8 MB.

Unloading 12 unused Assets to reduce memory usage. Loaded Objects now: 2195.
Total: 3.114700 ms (FindLiveObjects: 0.199200 ms CreateObjectMapping: 0.041500 ms MarkObjects: 2.851900 ms  DeleteObjects: 0.021100 ms)

AssetImportParameters requested are different than current active one (requested -> active):
  custom:framework-win-MediaFoundation: 216162199b28c13a410421893ffa2e32 -> 
  custom:video-decoder-ogg-theora: a1e56fd34408186e4bbccfd4996cb3dc -> 
  custom:container-muxer-webm: aa71ff27fc2769a1b78a27578f13a17b -> 
  custom:container-demuxer-webm: 4f35f7cbe854078d1ac9338744f61a02 -> 
  custom:container-demuxer-ogg: 62fdf1f143b41e24485cea50d1cbac27 -> 
  custom:video-encoder-webm-vp8: eb34c28f22e8b96e1ab97ce403110664 -> 
  custom:video-decoder-webm-vp8: 9c59270c3fd7afecdb556c50c9e8de78 -> 
  custom:audio-decoder-ogg-vorbis: bf7c407c2cedff20999df2af8eb42d56 -> 
  custom:audio-encoder-webm-vorbis: bf7c407c2cedff20999df2af8eb42d56 -> 
========================================================================
Received Prepare
Registering precompiled user dll's ...
Registered in 0.003101 seconds.
Begin MonoManager ReloadAssembly
Native extension for WindowsStandalone target not found
Refreshing native plugins compatible for Editor in 0.48 ms, found 2 plugins.
Preloading 0 native plugins for Editor in 0.00 ms.
Mono: successfully reloaded assembly
- Completed reload, in  0.938 seconds
Domain Reload Profiling:
	ReloadAssembly (938ms)
		BeginReloadAssembly (115ms)
			ExecutionOrderSort (0ms)
			DisableScriptedObjects (5ms)
			BackupInstance (0ms)
			ReleaseScriptingObjects (0ms)
			CreateAndSetChildDomain (29ms)
		EndReloadAssembly (757ms)
			LoadAssemblies (96ms)
			RebuildTransferFunctionScriptingTraits (0ms)
			SetupTypeCache (269ms)
			ReleaseScriptCaches (1ms)
			RebuildScriptCaches (43ms)
			SetupLoadedEditorAssemblies (279ms)
				LogAssemblyErrors (0ms)
				InitializePlatformSupportModulesInManaged (5ms)
				SetLoadedEditorAssemblies (0ms)
				RefreshPlugins (1ms)
				BeforeProcessingInitializeOnLoad (54ms)
				ProcessInitializeOnLoadAttributes (198ms)
				ProcessInitializeOnLoadMethodAttributes (13ms)
				AfterProcessingInitializeOnLoad (8ms)
				EditorAssembliesLoaded (0ms)
			ExecutionOrderSort2 (0ms)
			AwakeInstancesAfterBackupRestoration (2ms)
Platform modules already initialized, skipping
Refreshing native plugins compatible for Editor in 0.49 ms, found 2 plugins.
Preloading 0 native plugins for Editor in 0.00 ms.
Unloading 1671 Unused Serialized files (Serialized files now loaded: 0)
System memory in use before: 86.7 MB.
System memory in use after: 86.8 MB.

Unloading 12 unused Assets to reduce memory usage. Loaded Objects now: 2198.
Total: 3.108800 ms (FindLiveObjects: 0.285300 ms CreateObjectMapping: 0.042900 ms MarkObjects: 2.758700 ms  DeleteObjects: 0.020900 ms)

AssetImportParameters requested are different than current active one (requested -> active):
  custom:framework-win-MediaFoundation: 216162199b28c13a410421893ffa2e32 -> 
  custom:video-decoder-ogg-theora: a1e56fd34408186e4bbccfd4996cb3dc -> 
  custom:container-muxer-webm: aa71ff27fc2769a1b78a27578f13a17b -> 
  custom:container-demuxer-webm: 4f35f7cbe854078d1ac9338744f61a02 -> 
  custom:container-demuxer-ogg: 62fdf1f143b41e24485cea50d1cbac27 -> 
  custom:video-encoder-webm-vp8: eb34c28f22e8b96e1ab97ce403110664 -> 
  custom:video-decoder-webm-vp8: 9c59270c3fd7afecdb556c50c9e8de78 -> 
  custom:audio-decoder-ogg-vorbis: bf7c407c2cedff20999df2af8eb42d56 -> 
  custom:audio-encoder-webm-vorbis: bf7c407c2cedff20999df2af8eb42d56 -> 
========================================================================
Received Prepare
Registering precompiled user dll's ...
Registered in 0.002811 seconds.
Begin MonoManager ReloadAssembly
Native extension for WindowsStandalone target not found
Refreshing native plugins compatible for Editor in 0.36 ms, found 2 plugins.
Preloading 0 native plugins for Editor in 0.00 ms.
Mono: successfully reloaded assembly
- Completed reload, in  0.812 seconds
Domain Reload Profiling:
	ReloadAssembly (812ms)
		BeginReloadAssembly (105ms)
			ExecutionOrderSort (0ms)
			DisableScriptedObjects (4ms)
			BackupInstance (0ms)
			ReleaseScriptingObjects (0ms)
			CreateAndSetChildDomain (28ms)
		EndReloadAssembly (649ms)
			LoadAssemblies (86ms)
			RebuildTransferFunctionScriptingTraits (0ms)
			SetupTypeCache (222ms)
			ReleaseScriptCaches (1ms)
			RebuildScriptCaches (37ms)
			SetupLoadedEditorAssemblies (242ms)
				LogAssemblyErrors (0ms)
				InitializePlatformSupportModulesInManaged (4ms)
				SetLoadedEditorAssemblies (0ms)
				RefreshPlugins (0ms)
				BeforeProcessingInitializeOnLoad (47ms)
				ProcessInitializeOnLoadAttributes (171ms)
				ProcessInitializeOnLoadMethodAttributes (12ms)
				AfterProcessingInitializeOnLoad (7ms)
				EditorAssembliesLoaded (0ms)
			ExecutionOrderSort2 (0ms)
			AwakeInstancesAfterBackupRestoration (2ms)
Platform modules already initialized, skipping
Refreshing native plugins compatible for Editor in 0.38 ms, found 2 plugins.
Preloading 0 native plugins for Editor in 0.00 ms.
Unloading 1671 Unused Serialized files (Serialized files now loaded: 0)
System memory in use before: 86.7 MB.
System memory in use after: 86.8 MB.

Unloading 12 unused Assets to reduce memory usage. Loaded Objects now: 2201.
Total: 2.718700 ms (FindLiveObjects: 0.174400 ms CreateObjectMapping: 0.041600 ms MarkObjects: 2.483800 ms  DeleteObjects: 0.017700 ms)

AssetImportParameters requested are different than current active one (requested -> active):
  custom:framework-win-MediaFoundation: 216162199b28c13a410421893ffa2e32 -> 
  custom:video-decoder-ogg-theora: a1e56fd34408186e4bbccfd4996cb3dc -> 
  custom:container-muxer-webm: aa71ff27fc2769a1b78a27578f13a17b -> 
  custom:container-demuxer-webm: 4f35f7cbe854078d1ac9338744f61a02 -> 
  custom:container-demuxer-ogg: 62fdf1f143b41e24485cea50d1cbac27 -> 
  custom:video-encoder-webm-vp8: eb34c28f22e8b96e1ab97ce403110664 -> 
  custom:video-decoder-webm-vp8: 9c59270c3fd7afecdb556c50c9e8de78 -> 
  custom:audio-decoder-ogg-vorbis: bf7c407c2cedff20999df2af8eb42d56 -> 
  custom:audio-encoder-webm-vorbis: bf7c407c2cedff20999df2af8eb42d56 -> 
========================================================================
Received Prepare
Registering precompiled user dll's ...
Registered in 0.003581 seconds.
Begin MonoManager ReloadAssembly
Native extension for WindowsStandalone target not found
Refreshing native plugins compatible for Editor in 0.44 ms, found 2 plugins.
Preloading 0 native plugins for Editor in 0.00 ms.
Mono: successfully reloaded assembly
- Completed reload, in  0.919 seconds
Domain Reload Profiling:
	ReloadAssembly (920ms)
		BeginReloadAssembly (116ms)
			ExecutionOrderSort (0ms)
			DisableScriptedObjects (4ms)
			BackupInstance (0ms)
			ReleaseScriptingObjects (0ms)
			CreateAndSetChildDomain (30ms)
		EndReloadAssembly (741ms)
			LoadAssemblies (108ms)
			RebuildTransferFunctionScriptingTraits (0ms)
			SetupTypeCache (257ms)
			ReleaseScriptCaches (1ms)
			RebuildScriptCaches (40ms)
			SetupLoadedEditorAssemblies (268ms)
				LogAssemblyErrors (0ms)
				InitializePlatformSupportModulesInManaged (4ms)
				SetLoadedEditorAssemblies (0ms)
				RefreshPlugins (1ms)
				BeforeProcessingInitializeOnLoad (52ms)
				ProcessInitializeOnLoadAttributes (190ms)
				ProcessInitializeOnLoadMethodAttributes (12ms)
				AfterProcessingInitializeOnLoad (7ms)
				EditorAssembliesLoaded (0ms)
			ExecutionOrderSort2 (0ms)
			AwakeInstancesAfterBackupRestoration (2ms)
Platform modules already initialized, skipping
Refreshing native plugins compatible for Editor in 0.39 ms, found 2 plugins.
Preloading 0 native plugins for Editor in 0.00 ms.
Unloading 1671 Unused Serialized files (Serialized files now loaded: 0)
System memory in use before: 86.7 MB.
System memory in use after: 86.8 MB.

Unloading 12 unused Assets to reduce memory usage. Loaded Objects now: 2204.
Total: 3.406700 ms (FindLiveObjects: 0.186600 ms CreateObjectMapping: 0.037600 ms MarkObjects: 3.153800 ms  DeleteObjects: 0.027300 ms)

AssetImportParameters requested are different than current active one (requested -> active):
  custom:framework-win-MediaFoundation: 216162199b28c13a410421893ffa2e32 -> 
  custom:video-decoder-ogg-theora: a1e56fd34408186e4bbccfd4996cb3dc -> 
  custom:container-muxer-webm: aa71ff27fc2769a1b78a27578f13a17b -> 
  custom:container-demuxer-webm: 4f35f7cbe854078d1ac9338744f61a02 -> 
  custom:container-demuxer-ogg: 62fdf1f143b41e24485cea50d1cbac27 -> 
  custom:video-encoder-webm-vp8: eb34c28f22e8b96e1ab97ce403110664 -> 
  custom:video-decoder-webm-vp8: 9c59270c3fd7afecdb556c50c9e8de78 -> 
  custom:audio-decoder-ogg-vorbis: bf7c407c2cedff20999df2af8eb42d56 -> 
  custom:audio-encoder-webm-vorbis: bf7c407c2cedff20999df2af8eb42d56 -> 
========================================================================
Received Prepare
Registering precompiled user dll's ...
Registered in 0.003463 seconds.
Begin MonoManager ReloadAssembly
Native extension for WindowsStandalone target not found
Refreshing native plugins compatible for Editor in 0.44 ms, found 2 plugins.
Preloading 0 native plugins for Editor in 0.00 ms.
Mono: successfully reloaded assembly
- Completed reload, in  0.907 seconds
Domain Reload Profiling:
	ReloadAssembly (907ms)
		BeginReloadAssembly (115ms)
			ExecutionOrderSort (0ms)
			DisableScriptedObjects (4ms)
			BackupInstance (0ms)
			ReleaseScriptingObjects (0ms)
			CreateAndSetChildDomain (32ms)
		EndReloadAssembly (730ms)
			LoadAssemblies (93ms)
			RebuildTransferFunctionScriptingTraits (0ms)
			SetupTypeCache (253ms)
			ReleaseScriptCaches (1ms)
			RebuildScriptCaches (41ms)
			SetupLoadedEditorAssemblies (271ms)
				LogAssemblyErrors (0ms)
				InitializePlatformSupportModulesInManaged (4ms)
				SetLoadedEditorAssemblies (1ms)
				RefreshPlugins (1ms)
				BeforeProcessingInitializeOnLoad (53ms)
				ProcessInitializeOnLoadAttributes (193ms)
				ProcessInitializeOnLoadMethodAttributes (13ms)
				AfterProcessingInitializeOnLoad (7ms)
				EditorAssembliesLoaded (0ms)
			ExecutionOrderSort2 (0ms)
			AwakeInstancesAfterBackupRestoration (2ms)
Platform modules already initialized, skipping
Refreshing native plugins compatible for Editor in 0.40 ms, found 2 plugins.
Preloading 0 native plugins for Editor in 0.00 ms.
Unloading 1671 Unused Serialized files (Serialized files now loaded: 0)
System memory in use before: 86.7 MB.
System memory in use after: 86.8 MB.

Unloading 12 unused Assets to reduce memory usage. Loaded Objects now: 2207.
Total: 3.091600 ms (FindLiveObjects: 0.205900 ms CreateObjectMapping: 0.048400 ms MarkObjects: 2.810600 ms  DeleteObjects: 0.025500 ms)

AssetImportParameters requested are different than current active one (requested -> active):
  custom:framework-win-MediaFoundation: 216162199b28c13a410421893ffa2e32 -> 
  custom:video-decoder-ogg-theora: a1e56fd34408186e4bbccfd4996cb3dc -> 
  custom:container-muxer-webm: aa71ff27fc2769a1b78a27578f13a17b -> 
  custom:container-demuxer-webm: 4f35f7cbe854078d1ac9338744f61a02 -> 
  custom:container-demuxer-ogg: 62fdf1f143b41e24485cea50d1cbac27 -> 
  custom:video-encoder-webm-vp8: eb34c28f22e8b96e1ab97ce403110664 -> 
  custom:video-decoder-webm-vp8: 9c59270c3fd7afecdb556c50c9e8de78 -> 
  custom:audio-decoder-ogg-vorbis: bf7c407c2cedff20999df2af8eb42d56 -> 
  custom:audio-encoder-webm-vorbis: bf7c407c2cedff20999df2af8eb42d56 -> 
AssetImportWorkerClient::OnTransportError - code=2 error=End of file
